[INFO] Scanning for projects...
[INFO] 
[INFO] --------------------< com.ringochi:booking-service >--------------------
[INFO] Building booking-service 1.0-SNAPSHOT
[INFO]   from pom.xml
[INFO] --------------------------------[ jar ]---------------------------------
[INFO] 
[INFO] >>> spring-boot:3.3.5:run (default-cli) > test-compile @ booking-service >>>
[INFO] 
[INFO] --- openapi-generator:7.10.0:generate (generate-booking-service-api) @ booking-service ---
[INFO] Generating with dryRun=false
[INFO] No .openapi-generator-ignore file found.
[INFO] OpenAPI Generator: spring (server)
[INFO] Generator 'spring' is considered stable.
[INFO] ----------------------------------
[INFO] Environment variable JAVA_POST_PROCESS_FILE not defined so the Java code may not be properly formatted. To define it, try 'export JAVA_POST_PROCESS_FILE="/usr/local/bin/clang-format -i"' (Linux/Mac)
[INFO] NOTE: To enable file post-processing, 'enablePostProcessFile' must be set to `true` (--enable-post-process-file for CLI).
[INFO] Invoker Package Name, originally not set, is now derived from api package name: com.ringochi.bookingservice.generated
[INFO] Processing operation createBooking
[INFO] Processing operation getBookingById
[INFO] Processing operation listCurrentUserBookings
[INFO] Processing operation cancelBooking
[INFO] writing file C:\Users\sholo\IdeaProjects\transport-delivery-system\services\booking-service\target\generated-sources\openapi\src\main\java\com\ringochi\bookingservice\generated\dto\Booking.java
[INFO] writing file C:\Users\sholo\IdeaProjects\transport-delivery-system\services\booking-service\target\generated-sources\openapi\src\main\java\com\ringochi\bookingservice\generated\dto\BookingStatus.java
[INFO] writing file C:\Users\sholo\IdeaProjects\transport-delivery-system\services\booking-service\target\generated-sources\openapi\src\main\java\com\ringochi\bookingservice\generated\dto\CreateBookingRequest.java
[INFO] writing file C:\Users\sholo\IdeaProjects\transport-delivery-system\services\booking-service\target\generated-sources\openapi\src\main\java\com\ringochi\bookingservice\generated\dto\ErrorResponse.java
[INFO] writing file C:\Users\sholo\IdeaProjects\transport-delivery-system\services\booking-service\target\generated-sources\openapi\src\main\java\com\ringochi\bookingservice\generated\api\DefaultApi.java
[INFO] Skipping generation of Webhooks.
[INFO] Skipping generation of supporting files.
################################################################################
# Thanks for using OpenAPI Generator.                                          #
# Please consider donation to help us maintain this project ?                 #
# https://opencollective.com/openapi_generator/donate                          #
################################################################################
[INFO] 
[INFO] --- resources:3.3.1:resources (default-resources) @ booking-service ---
[INFO] Copying 3 resources from src\main\resources to target\classes
[INFO] 
[INFO] --- compiler:3.13.0:compile (default-compile) @ booking-service ---
[INFO] Recompiling the module because of changed source code.
[INFO] Compiling 16 source files with javac [debug parameters release 17] to target\classes
[INFO] 
[INFO] --- resources:3.3.1:testResources (default-testResources) @ booking-service ---
[INFO] Copying 2 resources from src\test\resources to target\test-classes
[INFO] 
[INFO] --- compiler:3.13.0:testCompile (default-testCompile) @ booking-service ---
[INFO] Recompiling the module because of changed dependency.
[INFO] Compiling 5 source files with javac [debug parameters release 17] to target\test-classes
[INFO] 
[INFO] <<< spring-boot:3.3.5:run (default-cli) < test-compile @ booking-service <<<
[INFO] 
[INFO] 
[INFO] --- spring-boot:3.3.5:run (default-cli) @ booking-service ---
[INFO] Attaching agents: []

  .   ____          _            __ _ _
 /\\ / ___'_ __ _ _(_)_ __  __ _ \ \ \ \
( ( )\___ | '_ | '_| | '_ \/ _` | \ \ \ \
 \\/  ___)| |_)| | | | | || (_| |  ) ) ) )
  '  |____| .__|_| |_|_| |_\__, | / / / /
 =========|_|==============|___/=/_/_/_/

 :: Spring Boot ::                (v3.3.5)

2026-05-21T12:29:00.834+05:00  INFO 27696 --- [booking-service] [           main] c.r.b.BookingServiceApplication          : Starting BookingServiceApplication using Java 21.0.6 with PID 27696 (C:\Users\sholo\IdeaProjects\transport-delivery-system\services\booking-service\target\classes started by sholo in C:\Users\sholo\IdeaProjects\transport-delivery-system\services\booking-service)
2026-05-21T12:29:00.834+05:00  INFO 27696 --- [booking-service] [           main] c.r.b.BookingServiceApplication          : No active profile set, falling back to 1 default profile: "default"
2026-05-21T12:29:00.864+05:00  INFO 27696 --- [booking-service] [           main] o.s.c.c.c.ConfigServerConfigDataLoader   : Fetching config from server at : http://localhost:8889
2026-05-21T12:29:00.864+05:00  INFO 27696 --- [booking-service] [           main] o.s.c.c.c.ConfigServerConfigDataLoader   : Located environment: name=booking-service, profiles=[default], label=null, version=null, state=null
2026-05-21T12:29:01.560+05:00  INFO 27696 --- [booking-service] [           main] .s.d.r.c.RepositoryConfigurationDelegate : Bootstrapping Spring Data JPA repositories in DEFAULT mode.
2026-05-21T12:29:01.677+05:00  INFO 27696 --- [booking-service] [           main] .s.d.r.c.RepositoryConfigurationDelegate : Finished Spring Data repository scanning in 106 ms. Found 1 JPA repository interface.
2026-05-21T12:29:01.861+05:00  INFO 27696 --- [booking-service] [           main] o.s.cloud.context.scope.GenericScope     : BeanFactory id=fb3d809d-374b-3aad-9b85-3eb374749eb7
2026-05-21T12:29:02.125+05:00  WARN 27696 --- [booking-service] [           main] trationDelegate$BeanPostProcessorChecker : Bean 'org.springframework.cloud.client.loadbalancer.LoadBalancerAutoConfiguration$DeferringLoadBalancerInterceptorConfig' of type [org.springframework.cloud.client.loadbalancer.LoadBalancerAutoConfiguration$DeferringLoadBalancerInterceptorConfig] is not eligible for getting processed by all BeanPostProcessors (for example: not eligible for auto-proxying). The currently created BeanPostProcessor [lbRestClientPostProcessor] is declared through a non-static factory method on that class; consider declaring it as static instead.
2026-05-21T12:29:02.129+05:00  WARN 27696 --- [booking-service] [           main] trationDelegate$BeanPostProcessorChecker : Bean 'deferringLoadBalancerInterceptor' of type [org.springframework.cloud.client.loadbalancer.DeferringLoadBalancerInterceptor] is not eligible for getting processed by all BeanPostProcessors (for example: not eligible for auto-proxying). Is this bean getting eagerly injected/applied to a currently created BeanPostProcessor [lbRestClientPostProcessor]? Check the corresponding BeanPostProcessor declaration and its dependencies/advisors. If this bean does not have to be post-processed, declare it with ROLE_INFRASTRUCTURE.
2026-05-21T12:29:02.365+05:00  INFO 27696 --- [booking-service] [           main] o.s.b.w.embedded.tomcat.TomcatWebServer  : Tomcat initialized with port 8085 (http)
2026-05-21T12:29:02.369+05:00  INFO 27696 --- [booking-service] [           main] o.apache.catalina.core.StandardService   : Starting service [Tomcat]
2026-05-21T12:29:02.369+05:00  INFO 27696 --- [booking-service] [           main] o.apache.catalina.core.StandardEngine    : Starting Servlet engine: [Apache Tomcat/10.1.31]
2026-05-21T12:29:02.449+05:00  INFO 27696 --- [booking-service] [           main] o.a.c.c.C.[Tomcat].[localhost].[/]       : Initializing Spring embedded WebApplicationContext
2026-05-21T12:29:02.449+05:00  INFO 27696 --- [booking-service] [           main] w.s.c.ServletWebServerApplicationContext : Root WebApplicationContext: initialization completed in 1585 ms
2026-05-21T12:29:02.750+05:00  INFO 27696 --- [booking-service] [           main] com.zaxxer.hikari.HikariDataSource       : HikariPool-1 - Starting...
2026-05-21T12:29:02.891+05:00  INFO 27696 --- [booking-service] [           main] com.zaxxer.hikari.pool.HikariPool        : HikariPool-1 - Added connection org.postgresql.jdbc.PgConnection@71f056a
2026-05-21T12:29:02.893+05:00  INFO 27696 --- [booking-service] [           main] com.zaxxer.hikari.HikariDataSource       : HikariPool-1 - Start completed.
2026-05-21T12:29:02.916+05:00  INFO 27696 --- [booking-service] [           main] org.flywaydb.core.FlywayExecutor         : Database: jdbc:postgresql://localhost:15436/booking_db (PostgreSQL 16.14)
2026-05-21T12:29:02.958+05:00  INFO 27696 --- [booking-service] [           main] o.f.core.internal.command.DbValidate     : Successfully validated 2 migrations (execution time 00:00.022s)
2026-05-21T12:29:02.988+05:00  INFO 27696 --- [booking-service] [           main] o.f.core.internal.command.DbMigrate      : Current version of schema "public": 2
2026-05-21T12:29:02.990+05:00  INFO 27696 --- [booking-service] [           main] o.f.core.internal.command.DbMigrate      : Schema "public" is up to date. No migration necessary.
2026-05-21T12:29:03.048+05:00  INFO 27696 --- [booking-service] [           main] o.hibernate.jpa.internal.util.LogHelper  : HHH000204: Processing PersistenceUnitInfo [name: default]
2026-05-21T12:29:03.101+05:00  INFO 27696 --- [booking-service] [           main] org.hibernate.Version                    : HHH000412: Hibernate ORM core version 6.5.3.Final
2026-05-21T12:29:03.127+05:00  INFO 27696 --- [booking-service] [           main] o.h.c.internal.RegionFactoryInitiator    : HHH000026: Second-level cache disabled
2026-05-21T12:29:03.363+05:00  INFO 27696 --- [booking-service] [           main] o.s.o.j.p.SpringPersistenceUnitInfo      : No LoadTimeWeaver setup: ignoring JPA class transformer
2026-05-21T12:29:04.028+05:00  INFO 27696 --- [booking-service] [           main] o.h.e.t.j.p.i.JtaPlatformInitiator       : HHH000489: No JTA platform available (set 'hibernate.transaction.jta.platform' to enable JTA platform integration)
2026-05-21T12:29:04.074+05:00  INFO 27696 --- [booking-service] [           main] j.LocalContainerEntityManagerFactoryBean : Initialized JPA EntityManagerFactory for persistence unit 'default'
2026-05-21T12:29:05.458+05:00  INFO 27696 --- [booking-service] [           main] o.s.cloud.commons.util.InetUtils         : Cannot determine local hostname
2026-05-21T12:29:05.482+05:00  INFO 27696 --- [booking-service] [           main] o.s.c.openfeign.FeignClientFactoryBean   : For 'trip-service' URL not provided. Will try picking an instance via load-balancing.
2026-05-21T12:29:05.523+05:00  INFO 27696 --- [booking-service] [           main] o.s.c.openfeign.FeignClientFactoryBean   : For 'payment-service' URL not provided. Will try picking an instance via load-balancing.
2026-05-21T12:29:07.201+05:00  INFO 27696 --- [booking-service] [           main] o.s.cloud.commons.util.InetUtils         : Cannot determine local hostname
2026-05-21T12:29:07.217+05:00  INFO 27696 --- [booking-service] [           main] DiscoveryClientOptionalArgsConfiguration : Eureka HTTP Client uses RestTemplate.
2026-05-21T12:29:07.271+05:00  WARN 27696 --- [booking-service] [           main] iguration$LoadBalancerCaffeineWarnLogger : Spring Cloud LoadBalancer is currently working with the default cache. While this cache implementation is useful for development and tests, it's recommended to use Caffeine cache in production.You can switch to using Caffeine cache, by adding it and org.springframework.cache.caffeine.CaffeineCacheManager to the classpath.
2026-05-21T12:29:07.281+05:00  INFO 27696 --- [booking-service] [           main] o.s.b.a.e.web.EndpointLinksResolver      : Exposing 2 endpoints beneath base path '/actuator'
2026-05-21T12:29:07.380+05:00  INFO 27696 --- [booking-service] [           main] o.s.c.n.eureka.InstanceInfoFactory       : Setting initial instance status as: STARTING
2026-05-21T12:29:07.403+05:00  INFO 27696 --- [booking-service] [           main] com.netflix.discovery.DiscoveryClient    : Initializing Eureka in region us-east-1
2026-05-21T12:29:07.409+05:00  INFO 27696 --- [booking-service] [           main] c.n.d.s.r.aws.ConfigClusterResolver      : Resolving eureka endpoints via configuration
2026-05-21T12:29:07.409+05:00  INFO 27696 --- [booking-service] [           main] com.netflix.discovery.DiscoveryClient    : Disable delta property : false
2026-05-21T12:29:07.409+05:00  INFO 27696 --- [booking-service] [           main] com.netflix.discovery.DiscoveryClient    : Single vip registry refresh property : null
2026-05-21T12:29:07.409+05:00  INFO 27696 --- [booking-service] [           main] com.netflix.discovery.DiscoveryClient    : Force full registry fetch : false
2026-05-21T12:29:07.409+05:00  INFO 27696 --- [booking-service] [           main] com.netflix.discovery.DiscoveryClient    : Application is null : false
2026-05-21T12:29:07.409+05:00  INFO 27696 --- [booking-service] [           main] com.netflix.discovery.DiscoveryClient    : Registered Applications size is zero : true
2026-05-21T12:29:07.409+05:00  INFO 27696 --- [booking-service] [           main] com.netflix.discovery.DiscoveryClient    : Application version is -1: true
2026-05-21T12:29:07.409+05:00  INFO 27696 --- [booking-service] [           main] com.netflix.discovery.DiscoveryClient    : Getting all instance registry info from the eureka server
2026-05-21T12:29:07.648+05:00  INFO 27696 --- [booking-service] [           main] com.netflix.discovery.DiscoveryClient    : The response status is 200
2026-05-21T12:29:07.649+05:00  INFO 27696 --- [booking-service] [           main] com.netflix.discovery.DiscoveryClient    : Starting heartbeat executor: renew interval is: 30
2026-05-21T12:29:07.651+05:00  INFO 27696 --- [booking-service] [           main] c.n.discovery.InstanceInfoReplicator     : InstanceInfoReplicator onDemand update allowed rate per min is 4
2026-05-21T12:29:07.653+05:00  INFO 27696 --- [booking-service] [           main] com.netflix.discovery.DiscoveryClient    : Discovery Client initialized at timestamp 1779348547652 with initial instances count: 4
2026-05-21T12:29:07.658+05:00  INFO 27696 --- [booking-service] [           main] o.s.c.n.e.s.EurekaServiceRegistry        : Registering application BOOKING-SERVICE with eureka with status UP
2026-05-21T12:29:07.659+05:00  INFO 27696 --- [booking-service] [           main] com.netflix.discovery.DiscoveryClient    : Saw local status change event StatusChangeEvent [timestamp=1779348547659, current=UP, previous=STARTING]
2026-05-21T12:29:07.659+05:00  INFO 27696 --- [booking-service] [foReplicator-%d] com.netflix.discovery.DiscoveryClient    : DiscoveryClient_BOOKING-SERVICE/localhost:booking-service:8085: registering service...
2026-05-21T12:29:07.662+05:00  INFO 27696 --- [booking-service] [           main] o.s.b.w.embedded.tomcat.TomcatWebServer  : Tomcat started on port 8085 (http) with context path '/'
2026-05-21T12:29:07.678+05:00  INFO 27696 --- [booking-service] [           main] .s.c.n.e.s.EurekaAutoServiceRegistration : Updating port to 8085
2026-05-21T12:29:07.678+05:00  INFO 27696 --- [booking-service] [foReplicator-%d] com.netflix.discovery.DiscoveryClient    : DiscoveryClient_BOOKING-SERVICE/localhost:booking-service:8085 - registration status: 204
2026-05-21T12:29:08.696+05:00  INFO 27696 --- [booking-service] [           main] o.s.cloud.commons.util.InetUtils         : Cannot determine local hostname
2026-05-21T12:29:08.738+05:00  INFO 27696 --- [booking-service] [           main] o.a.k.clients.consumer.ConsumerConfig    : ConsumerConfig values: 
	allow.auto.create.topics = true
	auto.commit.interval.ms = 5000
	auto.include.jmx.reporter = true
	auto.offset.reset = earliest
	bootstrap.servers = [localhost:9092]
	check.crcs = true
	client.dns.lookup = use_all_dns_ips
	client.id = consumer-booking-service-1
	client.rack = 
	connections.max.idle.ms = 540000
	default.api.timeout.ms = 60000
	enable.auto.commit = false
	enable.metrics.push = true
	exclude.internal.topics = true
	fetch.max.bytes = 52428800
	fetch.max.wait.ms = 500
	fetch.min.bytes = 1
	group.id = booking-service
	group.instance.id = null
	group.protocol = classic
	group.remote.assignor = null
	heartbeat.interval.ms = 3000
	interceptor.classes = []
	internal.leave.group.on.close = true
	internal.throw.on.fetch.stable.offset.unsupported = false
	isolation.level = read_uncommitted
	key.deserializer = class org.apache.kafka.common.serialization.StringDeserializer
	max.partition.fetch.bytes = 1048576
	max.poll.interval.ms = 300000
	max.poll.records = 500
	metadata.max.age.ms = 300000
	metric.reporters = []
	metrics.num.samples = 2
	metrics.recording.level = INFO
	metrics.sample.window.ms = 30000
	partition.assignment.strategy = [class org.apache.kafka.clients.consumer.RangeAssignor, class org.apache.kafka.clients.consumer.CooperativeStickyAssignor]
	receive.buffer.bytes = 65536
	reconnect.backoff.max.ms = 1000
	reconnect.backoff.ms = 50
	request.timeout.ms = 30000
	retry.backoff.max.ms = 1000
	retry.backoff.ms = 100
	sasl.client.callback.handler.class = null
	sasl.jaas.config = null
	sasl.kerberos.kinit.cmd = /usr/bin/kinit
	sasl.kerberos.min.time.before.relogin = 60000
	sasl.kerberos.service.name = null
	sasl.kerberos.ticket.renew.jitter = 0.05
	sasl.kerberos.ticket.renew.window.factor = 0.8
	sasl.login.callback.handler.class = null
	sasl.login.class = null
	sasl.login.connect.timeout.ms = null
	sasl.login.read.timeout.ms = null
	sasl.login.refresh.buffer.seconds = 300
	sasl.login.refresh.min.period.seconds = 60
	sasl.login.refresh.window.factor = 0.8
	sasl.login.refresh.window.jitter = 0.05
	sasl.login.retry.backoff.max.ms = 10000
	sasl.login.retry.backoff.ms = 100
	sasl.mechanism = GSSAPI
	sasl.oauthbearer.clock.skew.seconds = 30
	sasl.oauthbearer.expected.audience = null
	sasl.oauthbearer.expected.issuer = null
	sasl.oauthbearer.jwks.endpoint.refresh.ms = 3600000
	sasl.oauthbearer.jwks.endpoint.retry.backoff.max.ms = 10000
	sasl.oauthbearer.jwks.endpoint.retry.backoff.ms = 100
	sasl.oauthbearer.jwks.endpoint.url = null
	sasl.oauthbearer.scope.claim.name = scope
	sasl.oauthbearer.sub.claim.name = sub
	sasl.oauthbearer.token.endpoint.url = null
	security.protocol = PLAINTEXT
	security.providers = null
	send.buffer.bytes = 131072
	session.timeout.ms = 45000
	socket.connection.setup.timeout.max.ms = 30000
	socket.connection.setup.timeout.ms = 10000
	ssl.cipher.suites = null
	ssl.enabled.protocols = [TLSv1.2, TLSv1.3]
	ssl.endpoint.identification.algorithm = https
	ssl.engine.factory.class = null
	ssl.key.password = null
	ssl.keymanager.algorithm = SunX509
	ssl.keystore.certificate.chain = null
	ssl.keystore.key = null
	ssl.keystore.location = null
	ssl.keystore.password = null
	ssl.keystore.type = JKS
	ssl.protocol = TLSv1.3
	ssl.provider = null
	ssl.secure.random.implementation = null
	ssl.trustmanager.algorithm = PKIX
	ssl.truststore.certificates = null
	ssl.truststore.location = null
	ssl.truststore.password = null
	ssl.truststore.type = JKS
	value.deserializer = class org.springframework.kafka.support.serializer.JsonDeserializer

2026-05-21T12:29:08.801+05:00  INFO 27696 --- [booking-service] [           main] o.a.k.c.t.i.KafkaMetricsCollector        : initializing Kafka metrics collector
2026-05-21T12:29:08.950+05:00  INFO 27696 --- [booking-service] [           main] o.a.kafka.common.utils.AppInfoParser     : Kafka version: 3.7.1
2026-05-21T12:29:08.950+05:00  INFO 27696 --- [booking-service] [           main] o.a.kafka.common.utils.AppInfoParser     : Kafka commitId: e2494e6ffb89f828
2026-05-21T12:29:08.950+05:00  INFO 27696 --- [booking-service] [           main] o.a.kafka.common.utils.AppInfoParser     : Kafka startTimeMs: 1779348548950
2026-05-21T12:29:08.965+05:00  INFO 27696 --- [booking-service] [           main] o.a.k.c.c.internals.LegacyKafkaConsumer  : [Consumer clientId=consumer-booking-service-1, groupId=booking-service] Subscribed to topic(s): payment-events
2026-05-21T12:29:08.980+05:00  INFO 27696 --- [booking-service] [           main] c.r.b.BookingServiceApplication          : Started BookingServiceApplication in 9.83 seconds (process running for 10.218)
2026-05-21T12:29:09.262+05:00  INFO 27696 --- [booking-service] [ntainer#0-0-C-1] org.apache.kafka.clients.Metadata        : [Consumer clientId=consumer-booking-service-1, groupId=booking-service] Cluster ID: 5L6g3nShT-eMCtK--X86sw
2026-05-21T12:29:09.264+05:00  INFO 27696 --- [booking-service] [ntainer#0-0-C-1] o.a.k.c.c.internals.ConsumerCoordinator  : [Consumer clientId=consumer-booking-service-1, groupId=booking-service] Discovered group coordinator localhost:9092 (id: 2147483646 rack: null)
2026-05-21T12:29:09.267+05:00  INFO 27696 --- [booking-service] [ntainer#0-0-C-1] o.a.k.c.c.internals.ConsumerCoordinator  : [Consumer clientId=consumer-booking-service-1, groupId=booking-service] (Re-)joining group
2026-05-21T12:29:09.282+05:00  INFO 27696 --- [booking-service] [ntainer#0-0-C-1] o.a.k.c.c.internals.ConsumerCoordinator  : [Consumer clientId=consumer-booking-service-1, groupId=booking-service] Request joining group due to: need to re-join with the given member-id: consumer-booking-service-1-fd244657-f3d3-4623-9883-1f40fc9030fe
2026-05-21T12:29:09.283+05:00  INFO 27696 --- [booking-service] [ntainer#0-0-C-1] o.a.k.c.c.internals.ConsumerCoordinator  : [Consumer clientId=consumer-booking-service-1, groupId=booking-service] (Re-)joining group
2026-05-21T12:29:12.291+05:00  INFO 27696 --- [booking-service] [ntainer#0-0-C-1] o.a.k.c.c.internals.ConsumerCoordinator  : [Consumer clientId=consumer-booking-service-1, groupId=booking-service] Successfully joined group with generation Generation{generationId=3, memberId='consumer-booking-service-1-fd244657-f3d3-4623-9883-1f40fc9030fe', protocol='range'}
2026-05-21T12:29:12.299+05:00  INFO 27696 --- [booking-service] [ntainer#0-0-C-1] o.a.k.c.c.internals.ConsumerCoordinator  : [Consumer clientId=consumer-booking-service-1, groupId=booking-service] Finished assignment for group at generation 3: {consumer-booking-service-1-fd244657-f3d3-4623-9883-1f40fc9030fe=Assignment(partitions=[payment-events-0])}
2026-05-21T12:29:12.311+05:00  INFO 27696 --- [booking-service] [ntainer#0-0-C-1] o.a.k.c.c.internals.ConsumerCoordinator  : [Consumer clientId=consumer-booking-service-1, groupId=booking-service] Successfully synced group in generation Generation{generationId=3, memberId='consumer-booking-service-1-fd244657-f3d3-4623-9883-1f40fc9030fe', protocol='range'}
2026-05-21T12:29:12.312+05:00  INFO 27696 --- [booking-service] [ntainer#0-0-C-1] o.a.k.c.c.internals.ConsumerCoordinator  : [Consumer clientId=consumer-booking-service-1, groupId=booking-service] Notifying assignor about the new Assignment(partitions=[payment-events-0])
2026-05-21T12:29:12.315+05:00  INFO 27696 --- [booking-service] [ntainer#0-0-C-1] k.c.c.i.ConsumerRebalanceListenerInvoker : [Consumer clientId=consumer-booking-service-1, groupId=booking-service] Adding newly assigned partitions: payment-events-0
2026-05-21T12:29:12.328+05:00  INFO 27696 --- [booking-service] [ntainer#0-0-C-1] o.a.k.c.c.internals.ConsumerUtils        : Setting offset for partition payment-events-0 to the committed offset FetchPosition{offset=1, offsetEpoch=Optional.empty, currentLeader=LeaderAndEpoch{leader=Optional[localhost:9092 (id: 1 rack: null)], epoch=0}}
2026-05-21T12:29:12.329+05:00  INFO 27696 --- [booking-service] [ntainer#0-0-C-1] o.s.k.l.KafkaMessageListenerContainer    : booking-service: partitions assigned: [payment-events-0]
2026-05-21T12:29:45.398+05:00  INFO 27696 --- [booking-service] [nio-8085-exec-3] o.a.c.c.C.[Tomcat].[localhost].[/]       : Initializing Spring DispatcherServlet 'dispatcherServlet'
2026-05-21T12:29:45.398+05:00  INFO 27696 --- [booking-service] [nio-8085-exec-3] o.s.web.servlet.DispatcherServlet        : Initializing Servlet 'dispatcherServlet'
2026-05-21T12:29:45.398+05:00  INFO 27696 --- [booking-service] [nio-8085-exec-3] o.s.web.servlet.DispatcherServlet        : Completed initialization in 0 ms
2026-05-21T12:34:07.453+05:00  INFO 27696 --- [booking-service] [rap-executor-%d] c.n.d.s.r.aws.ConfigClusterResolver      : Resolving eureka endpoints via configuration
2026-05-21T12:38:09.687+05:00  INFO 27696 --- [booking-service] [ntainer#0-0-C-1] org.apache.kafka.clients.NetworkClient   : [Consumer clientId=consumer-booking-service-1, groupId=booking-service] Node -1 disconnected.
2026-05-21T12:39:07.486+05:00  INFO 27696 --- [booking-service] [rap-executor-%d] c.n.d.s.r.aws.ConfigClusterResolver      : Resolving eureka endpoints via configuration
2026-05-21T12:44:07.523+05:00  INFO 27696 --- [booking-service] [rap-executor-%d] c.n.d.s.r.aws.ConfigClusterResolver      : Resolving eureka endpoints via configuration
2026-05-21T12:48:09.685+05:00  INFO 27696 --- [booking-service] [ntainer#0-0-C-1] org.apache.kafka.clients.NetworkClient   : [Consumer clientId=consumer-booking-service-1, groupId=booking-service] Node -1 disconnected.
2026-05-21T12:49:07.559+05:00  INFO 27696 --- [booking-service] [rap-executor-%d] c.n.d.s.r.aws.ConfigClusterResolver      : Resolving eureka endpoints via configuration
2026-05-21T12:54:07.583+05:00  INFO 27696 --- [booking-service] [rap-executor-%d] c.n.d.s.r.aws.ConfigClusterResolver      : Resolving eureka endpoints via configuration
2026-05-21T12:56:13.040+05:00  INFO 27696 --- [booking-service] [ntainer#0-0-C-1] org.apache.kafka.clients.NetworkClient   : [Consumer clientId=consumer-booking-service-1, groupId=booking-service] Node 1 disconnected.
2026-05-21T12:56:13.041+05:00  INFO 27696 --- [booking-service] [ntainer#0-0-C-1] org.apache.kafka.clients.NetworkClient   : [Consumer clientId=consumer-booking-service-1, groupId=booking-service] Cancelled in-flight FETCH request with correlation id 3798 due to node 1 being disconnected (elapsed time since creation: 10ms, elapsed time since send: 10ms, request timeout: 30000ms)
2026-05-21T12:56:13.042+05:00  INFO 27696 --- [booking-service] [ntainer#0-0-C-1] o.a.kafka.clients.FetchSessionHandler    : [Consumer clientId=consumer-booking-service-1, groupId=booking-service] Error sending fetch request (sessionId=603273167, epoch=3237) to node 1:

org.apache.kafka.common.errors.DisconnectException: null

2026-05-21T12:56:13.052+05:00  INFO 27696 --- [booking-service] [ntainer#0-0-C-1] org.apache.kafka.clients.NetworkClient   : [Consumer clientId=consumer-booking-service-1, groupId=booking-service] Node 2147483646 disconnected.
2026-05-21T12:56:13.052+05:00  INFO 27696 --- [booking-service] [ntainer#0-0-C-1] o.a.k.c.c.internals.ConsumerCoordinator  : [Consumer clientId=consumer-booking-service-1, groupId=booking-service] Group coordinator localhost:9092 (id: 2147483646 rack: null) is unavailable or invalid due to cause: coordinator unavailable. isDisconnected: true. Rediscovery will be attempted.
2026-05-21T12:56:13.140+05:00  INFO 27696 --- [booking-service] [ntainer#0-0-C-1] org.apache.kafka.clients.NetworkClient   : [Consumer clientId=consumer-booking-service-1, groupId=booking-service] Node 1 disconnected.
2026-05-21T12:56:13.141+05:00  INFO 27696 --- [booking-service] [ntainer#0-0-C-1] org.apache.kafka.clients.NetworkClient   : [Consumer clientId=consumer-booking-service-1, groupId=booking-service] Cancelled in-flight API_VERSIONS request with correlation id 3799 due to node 1 being disconnected (elapsed time since creation: 2ms, elapsed time since send: 2ms, request timeout: 30000ms)
2026-05-21T12:56:13.249+05:00  INFO 27696 --- [booking-service] [ntainer#0-0-C-1] org.apache.kafka.clients.NetworkClient   : [Consumer clientId=consumer-booking-service-1, groupId=booking-service] Node 1 disconnected.
2026-05-21T12:56:13.250+05:00  INFO 27696 --- [booking-service] [ntainer#0-0-C-1] org.apache.kafka.clients.NetworkClient   : [Consumer clientId=consumer-booking-service-1, groupId=booking-service] Cancelled in-flight API_VERSIONS request with correlation id 3800 due to node 1 being disconnected (elapsed time since creation: 1ms, elapsed time since send: 1ms, request timeout: 30000ms)
2026-05-21T12:56:13.504+05:00  INFO 27696 --- [booking-service] [ntainer#0-0-C-1] org.apache.kafka.clients.NetworkClient   : [Consumer clientId=consumer-booking-service-1, groupId=booking-service] Node 1 disconnected.
2026-05-21T12:56:13.505+05:00  INFO 27696 --- [booking-service] [ntainer#0-0-C-1] org.apache.kafka.clients.NetworkClient   : [Consumer clientId=consumer-booking-service-1, groupId=booking-service] Cancelled in-flight API_VERSIONS request with correlation id 3801 due to node 1 being disconnected (elapsed time since creation: 2ms, elapsed time since send: 2ms, request timeout: 30000ms)
2026-05-21T12:56:13.938+05:00  INFO 27696 --- [booking-service] [ntainer#0-0-C-1] org.apache.kafka.clients.NetworkClient   : [Consumer clientId=consumer-booking-service-1, groupId=booking-service] Node 1 disconnected.
2026-05-21T12:56:13.938+05:00  INFO 27696 --- [booking-service] [ntainer#0-0-C-1] org.apache.kafka.clients.NetworkClient   : [Consumer clientId=consumer-booking-service-1, groupId=booking-service] Cancelled in-flight API_VERSIONS request with correlation id 3802 due to node 1 being disconnected (elapsed time since creation: 2ms, elapsed time since send: 2ms, request timeout: 30000ms)
2026-05-21T12:56:14.806+05:00  INFO 27696 --- [booking-service] [ntainer#0-0-C-1] org.apache.kafka.clients.NetworkClient   : [Consumer clientId=consumer-booking-service-1, groupId=booking-service] Node 1 disconnected.
2026-05-21T12:56:14.806+05:00  INFO 27696 --- [booking-service] [ntainer#0-0-C-1] org.apache.kafka.clients.NetworkClient   : [Consumer clientId=consumer-booking-service-1, groupId=booking-service] Cancelled in-flight API_VERSIONS request with correlation id 3803 due to node 1 being disconnected (elapsed time since creation: 1ms, elapsed time since send: 1ms, request timeout: 30000ms)
2026-05-21T12:56:15.817+05:00  INFO 27696 --- [booking-service] [ntainer#0-0-C-1] org.apache.kafka.clients.NetworkClient   : [Consumer clientId=consumer-booking-service-1, groupId=booking-service] Node 1 disconnected.
2026-05-21T12:56:15.818+05:00  INFO 27696 --- [booking-service] [ntainer#0-0-C-1] org.apache.kafka.clients.NetworkClient   : [Consumer clientId=consumer-booking-service-1, groupId=booking-service] Cancelled in-flight API_VERSIONS request with correlation id 3804 due to node 1 being disconnected (elapsed time since creation: 2ms, elapsed time since send: 2ms, request timeout: 30000ms)
2026-05-21T12:56:16.822+05:00  INFO 27696 --- [booking-service] [ntainer#0-0-C-1] org.apache.kafka.clients.NetworkClient   : [Consumer clientId=consumer-booking-service-1, groupId=booking-service] Node 1 disconnected.
2026-05-21T12:56:16.822+05:00  WARN 27696 --- [booking-service] [ntainer#0-0-C-1] org.apache.kafka.clients.NetworkClient   : [Consumer clientId=consumer-booking-service-1, groupId=booking-service] Connection to node 1 (localhost/127.0.0.1:9092) could not be established. Node may not be available.
2026-05-21T12:56:17.833+05:00  INFO 27696 --- [booking-service] [ntainer#0-0-C-1] org.apache.kafka.clients.NetworkClient   : [Consumer clientId=consumer-booking-service-1, groupId=booking-service] Node 1 disconnected.
2026-05-21T12:56:17.833+05:00  WARN 27696 --- [booking-service] [ntainer#0-0-C-1] org.apache.kafka.clients.NetworkClient   : [Consumer clientId=consumer-booking-service-1, groupId=booking-service] Connection to node 1 (localhost/127.0.0.1:9092) could not be established. Node may not be available.
2026-05-21T12:56:18.874+05:00  INFO 27696 --- [booking-service] [ntainer#0-0-C-1] org.apache.kafka.clients.NetworkClient   : [Consumer clientId=consumer-booking-service-1, groupId=booking-service] Node 1 disconnected.
2026-05-21T12:56:18.874+05:00  INFO 27696 --- [booking-service] [ntainer#0-0-C-1] org.apache.kafka.clients.NetworkClient   : [Consumer clientId=consumer-booking-service-1, groupId=booking-service] Cancelled in-flight API_VERSIONS request with correlation id 3805 due to node 1 being disconnected (elapsed time since creation: 1ms, elapsed time since send: 1ms, request timeout: 30000ms)
2026-05-21T12:56:19.880+05:00  INFO 27696 --- [booking-service] [ntainer#0-0-C-1] org.apache.kafka.clients.NetworkClient   : [Consumer clientId=consumer-booking-service-1, groupId=booking-service] Node 1 disconnected.
2026-05-21T12:56:19.881+05:00  INFO 27696 --- [booking-service] [ntainer#0-0-C-1] org.apache.kafka.clients.NetworkClient   : [Consumer clientId=consumer-booking-service-1, groupId=booking-service] Cancelled in-flight API_VERSIONS request with correlation id 3806 due to node 1 being disconnected (elapsed time since creation: 1ms, elapsed time since send: 1ms, request timeout: 30000ms)
2026-05-21T12:56:20.893+05:00  INFO 27696 --- [booking-service] [ntainer#0-0-C-1] org.apache.kafka.clients.NetworkClient   : [Consumer clientId=consumer-booking-service-1, groupId=booking-service] Node 1 disconnected.
2026-05-21T12:56:20.893+05:00  INFO 27696 --- [booking-service] [ntainer#0-0-C-1] org.apache.kafka.clients.NetworkClient   : [Consumer clientId=consumer-booking-service-1, groupId=booking-service] Cancelled in-flight API_VERSIONS request with correlation id 3807 due to node 1 being disconnected (elapsed time since creation: 1ms, elapsed time since send: 1ms, request timeout: 30000ms)
2026-05-21T12:56:21.961+05:00  WARN 27696 --- [booking-service] [ntainer#0-0-C-1] org.apache.kafka.clients.NetworkClient   : [Consumer clientId=consumer-booking-service-1, groupId=booking-service] Error while fetching metadata with correlation id 3809 : {payment-events=UNKNOWN_TOPIC_OR_PARTITION}
2026-05-21T12:56:22.148+05:00  INFO 27696 --- [booking-service] [ntainer#0-0-C-1] org.apache.kafka.clients.Metadata        : [Consumer clientId=consumer-booking-service-1, groupId=booking-service] Resetting the last seen epoch of partition payment-events-0 to 0 since the associated topicId changed from null to vzS7OFzpQTuq7lTAFIwmOg
2026-05-21T12:56:22.152+05:00  INFO 27696 --- [booking-service] [ntainer#0-0-C-1] o.a.k.c.c.internals.ConsumerCoordinator  : [Consumer clientId=consumer-booking-service-1, groupId=booking-service] Discovered group coordinator localhost:9092 (id: 2147483646 rack: null)
2026-05-21T12:56:22.159+05:00  INFO 27696 --- [booking-service] [ntainer#0-0-C-1] o.a.k.c.c.internals.ConsumerCoordinator  : [Consumer clientId=consumer-booking-service-1, groupId=booking-service] Attempt to heartbeat failed since coordinator localhost:9092 (id: 2147483646 rack: null) is either not started or not valid
2026-05-21T12:56:22.160+05:00  INFO 27696 --- [booking-service] [ntainer#0-0-C-1] o.a.k.c.c.internals.ConsumerCoordinator  : [Consumer clientId=consumer-booking-service-1, groupId=booking-service] Group coordinator localhost:9092 (id: 2147483646 rack: null) is unavailable or invalid due to cause: error response NOT_COORDINATOR. isDisconnected: false. Rediscovery will be attempted.
2026-05-21T12:56:22.160+05:00  INFO 27696 --- [booking-service] [ntainer#0-0-C-1] o.a.k.c.c.internals.ConsumerCoordinator  : [Consumer clientId=consumer-booking-service-1, groupId=booking-service] Requesting disconnect from last known coordinator localhost:9092 (id: 2147483646 rack: null)
2026-05-21T12:56:22.160+05:00  INFO 27696 --- [booking-service] [booking-service] org.apache.kafka.clients.NetworkClient   : [Consumer clientId=consumer-booking-service-1, groupId=booking-service] Client requested disconnect from node 2147483646
2026-05-21T12:56:22.172+05:00  INFO 27696 --- [booking-service] [ntainer#0-0-C-1] o.a.k.c.c.internals.ConsumerCoordinator  : [Consumer clientId=consumer-booking-service-1, groupId=booking-service] Discovered group coordinator localhost:9092 (id: 2147483646 rack: null)
2026-05-21T12:56:22.173+05:00  INFO 27696 --- [booking-service] [ntainer#0-0-C-1] o.a.k.c.c.internals.ConsumerCoordinator  : [Consumer clientId=consumer-booking-service-1, groupId=booking-service] Group coordinator localhost:9092 (id: 2147483646 rack: null) is unavailable or invalid due to cause: coordinator unavailable. isDisconnected: false. Rediscovery will be attempted.
2026-05-21T12:56:22.173+05:00  INFO 27696 --- [booking-service] [ntainer#0-0-C-1] o.a.k.c.c.internals.ConsumerCoordinator  : [Consumer clientId=consumer-booking-service-1, groupId=booking-service] Requesting disconnect from last known coordinator localhost:9092 (id: 2147483646 rack: null)
2026-05-21T12:56:22.266+05:00  INFO 27696 --- [booking-service] [ntainer#0-0-C-1] o.a.k.c.c.internals.ConsumerCoordinator  : [Consumer clientId=consumer-booking-service-1, groupId=booking-service] Discovered group coordinator localhost:9092 (id: 2147483646 rack: null)
2026-05-21T12:56:22.267+05:00  INFO 27696 --- [booking-service] [ntainer#0-0-C-1] o.a.k.c.c.internals.FetchCollector       : [Consumer clientId=consumer-booking-service-1, groupId=booking-service] Fetch position FetchPosition{offset=2, offsetEpoch=Optional[0], currentLeader=LeaderAndEpoch{leader=Optional[localhost:9092 (id: 1 rack: null)], epoch=0}} is out of range for partition payment-events-0, resetting offset
2026-05-21T12:56:22.271+05:00  INFO 27696 --- [booking-service] [ntainer#0-0-C-1] o.a.k.c.c.internals.ConsumerCoordinator  : [Consumer clientId=consumer-booking-service-1, groupId=booking-service] Attempt to heartbeat failed since coordinator localhost:9092 (id: 2147483646 rack: null) is either not started or not valid
2026-05-21T12:56:22.272+05:00  INFO 27696 --- [booking-service] [ntainer#0-0-C-1] o.a.k.c.c.internals.ConsumerCoordinator  : [Consumer clientId=consumer-booking-service-1, groupId=booking-service] Group coordinator localhost:9092 (id: 2147483646 rack: null) is unavailable or invalid due to cause: error response NOT_COORDINATOR. isDisconnected: false. Rediscovery will be attempted.
2026-05-21T12:56:22.272+05:00  INFO 27696 --- [booking-service] [ntainer#0-0-C-1] o.a.k.c.c.internals.ConsumerCoordinator  : [Consumer clientId=consumer-booking-service-1, groupId=booking-service] Requesting disconnect from last known coordinator localhost:9092 (id: 2147483646 rack: null)
2026-05-21T12:56:22.272+05:00  INFO 27696 --- [booking-service] [ntainer#0-0-C-1] org.apache.kafka.clients.NetworkClient   : [Consumer clientId=consumer-booking-service-1, groupId=booking-service] Client requested disconnect from node 2147483646
2026-05-21T12:56:22.277+05:00  INFO 27696 --- [booking-service] [ntainer#0-0-C-1] o.a.k.c.c.internals.SubscriptionState    : [Consumer clientId=consumer-booking-service-1, groupId=booking-service] Resetting offset for partition payment-events-0 to position FetchPosition{offset=0, offsetEpoch=Optional.empty, currentLeader=LeaderAndEpoch{leader=Optional[localhost:9092 (id: 1 rack: null)], epoch=0}}.
2026-05-21T12:56:22.278+05:00  INFO 27696 --- [booking-service] [ntainer#0-0-C-1] o.a.k.c.c.internals.ConsumerCoordinator  : [Consumer clientId=consumer-booking-service-1, groupId=booking-service] Discovered group coordinator localhost:9092 (id: 2147483646 rack: null)
2026-05-21T12:56:22.278+05:00  INFO 27696 --- [booking-service] [ntainer#0-0-C-1] o.a.k.c.c.internals.ConsumerCoordinator  : [Consumer clientId=consumer-booking-service-1, groupId=booking-service] Group coordinator localhost:9092 (id: 2147483646 rack: null) is unavailable or invalid due to cause: coordinator unavailable. isDisconnected: false. Rediscovery will be attempted.
2026-05-21T12:56:22.278+05:00  INFO 27696 --- [booking-service] [ntainer#0-0-C-1] o.a.k.c.c.internals.ConsumerCoordinator  : [Consumer clientId=consumer-booking-service-1, groupId=booking-service] Requesting disconnect from last known coordinator localhost:9092 (id: 2147483646 rack: null)
2026-05-21T12:56:22.364+05:00  INFO 27696 --- [booking-service] [ntainer#0-0-C-1] o.a.k.c.c.internals.ConsumerCoordinator  : [Consumer clientId=consumer-booking-service-1, groupId=booking-service] Discovered group coordinator localhost:9092 (id: 2147483646 rack: null)
2026-05-21T12:56:22.470+05:00  INFO 27696 --- [booking-service] [ntainer#0-0-C-1] o.a.k.c.c.internals.ConsumerCoordinator  : [Consumer clientId=consumer-booking-service-1, groupId=booking-service] Attempt to heartbeat failed since coordinator localhost:9092 (id: 2147483646 rack: null) is either not started or not valid
2026-05-21T12:56:22.471+05:00  INFO 27696 --- [booking-service] [ntainer#0-0-C-1] o.a.k.c.c.internals.ConsumerCoordinator  : [Consumer clientId=consumer-booking-service-1, groupId=booking-service] Group coordinator localhost:9092 (id: 2147483646 rack: null) is unavailable or invalid due to cause: error response NOT_COORDINATOR. isDisconnected: false. Rediscovery will be attempted.
2026-05-21T12:56:22.471+05:00  INFO 27696 --- [booking-service] [ntainer#0-0-C-1] o.a.k.c.c.internals.ConsumerCoordinator  : [Consumer clientId=consumer-booking-service-1, groupId=booking-service] Requesting disconnect from last known coordinator localhost:9092 (id: 2147483646 rack: null)
2026-05-21T12:56:22.471+05:00  INFO 27696 --- [booking-service] [ntainer#0-0-C-1] org.apache.kafka.clients.NetworkClient   : [Consumer clientId=consumer-booking-service-1, groupId=booking-service] Client requested disconnect from node 2147483646
2026-05-21T12:56:22.875+05:00  INFO 27696 --- [booking-service] [ntainer#0-0-C-1] o.a.k.c.c.internals.ConsumerCoordinator  : [Consumer clientId=consumer-booking-service-1, groupId=booking-service] Discovered group coordinator localhost:9092 (id: 2147483646 rack: null)
2026-05-21T12:56:22.876+05:00  INFO 27696 --- [booking-service] [ntainer#0-0-C-1] o.a.k.c.c.internals.ConsumerCoordinator  : [Consumer clientId=consumer-booking-service-1, groupId=booking-service] Discovered group coordinator localhost:9092 (id: 2147483646 rack: null)
2026-05-21T12:56:22.939+05:00  INFO 27696 --- [booking-service] [ntainer#0-0-C-1] o.a.k.c.c.internals.ConsumerCoordinator  : [Consumer clientId=consumer-booking-service-1, groupId=booking-service] Attempt to heartbeat with Generation{generationId=3, memberId='consumer-booking-service-1-fd244657-f3d3-4623-9883-1f40fc9030fe', protocol='range'} and group instance id Optional.empty failed due to UNKNOWN_MEMBER_ID, resetting generation
2026-05-21T12:56:22.940+05:00  INFO 27696 --- [booking-service] [ntainer#0-0-C-1] o.a.k.c.c.internals.ConsumerCoordinator  : [Consumer clientId=consumer-booking-service-1, groupId=booking-service] Resetting generation and member id due to: encountered UNKNOWN_MEMBER_ID from HEARTBEAT response
2026-05-21T12:56:22.940+05:00  INFO 27696 --- [booking-service] [ntainer#0-0-C-1] o.a.k.c.c.internals.ConsumerCoordinator  : [Consumer clientId=consumer-booking-service-1, groupId=booking-service] Request joining group due to: encountered UNKNOWN_MEMBER_ID from HEARTBEAT response
2026-05-21T12:56:22.940+05:00  INFO 27696 --- [booking-service] [ntainer#0-0-C-1] o.a.k.c.c.internals.ConsumerCoordinator  : [Consumer clientId=consumer-booking-service-1, groupId=booking-service] Giving away all assigned partitions as lost since generation/memberID has been reset,indicating that consumer is in old state or no longer part of the group
2026-05-21T12:56:22.940+05:00  INFO 27696 --- [booking-service] [ntainer#0-0-C-1] k.c.c.i.ConsumerRebalanceListenerInvoker : [Consumer clientId=consumer-booking-service-1, groupId=booking-service] Lost previously assigned partitions payment-events-0
2026-05-21T12:56:22.941+05:00  INFO 27696 --- [booking-service] [ntainer#0-0-C-1] o.s.k.l.KafkaMessageListenerContainer    : booking-service: partitions lost: [payment-events-0]
2026-05-21T12:56:22.942+05:00  INFO 27696 --- [booking-service] [ntainer#0-0-C-1] o.s.k.l.KafkaMessageListenerContainer    : booking-service: partitions revoked: [payment-events-0]
2026-05-21T12:56:22.942+05:00  INFO 27696 --- [booking-service] [ntainer#0-0-C-1] o.a.k.c.c.internals.ConsumerCoordinator  : [Consumer clientId=consumer-booking-service-1, groupId=booking-service] (Re-)joining group
2026-05-21T12:56:22.949+05:00  INFO 27696 --- [booking-service] [ntainer#0-0-C-1] o.a.k.c.c.internals.ConsumerCoordinator  : [Consumer clientId=consumer-booking-service-1, groupId=booking-service] Request joining group due to: need to re-join with the given member-id: consumer-booking-service-1-5244f472-a89b-4730-967b-0859f4a79295
2026-05-21T12:56:22.949+05:00  INFO 27696 --- [booking-service] [ntainer#0-0-C-1] o.a.k.c.c.internals.ConsumerCoordinator  : [Consumer clientId=consumer-booking-service-1, groupId=booking-service] (Re-)joining group
2026-05-21T12:56:25.959+05:00  INFO 27696 --- [booking-service] [ntainer#0-0-C-1] o.a.k.c.c.internals.ConsumerCoordinator  : [Consumer clientId=consumer-booking-service-1, groupId=booking-service] Successfully joined group with generation Generation{generationId=1, memberId='consumer-booking-service-1-5244f472-a89b-4730-967b-0859f4a79295', protocol='range'}
2026-05-21T12:56:25.960+05:00  INFO 27696 --- [booking-service] [ntainer#0-0-C-1] o.a.k.c.c.internals.ConsumerCoordinator  : [Consumer clientId=consumer-booking-service-1, groupId=booking-service] Finished assignment for group at generation 1: {consumer-booking-service-1-5244f472-a89b-4730-967b-0859f4a79295=Assignment(partitions=[payment-events-0])}
2026-05-21T12:56:25.974+05:00  INFO 27696 --- [booking-service] [ntainer#0-0-C-1] o.a.k.c.c.internals.ConsumerCoordinator  : [Consumer clientId=consumer-booking-service-1, groupId=booking-service] Successfully synced group in generation Generation{generationId=1, memberId='consumer-booking-service-1-5244f472-a89b-4730-967b-0859f4a79295', protocol='range'}
2026-05-21T12:56:25.974+05:00  INFO 27696 --- [booking-service] [ntainer#0-0-C-1] o.a.k.c.c.internals.ConsumerCoordinator  : [Consumer clientId=consumer-booking-service-1, groupId=booking-service] Notifying assignor about the new Assignment(partitions=[payment-events-0])
2026-05-21T12:56:25.974+05:00  INFO 27696 --- [booking-service] [ntainer#0-0-C-1] k.c.c.i.ConsumerRebalanceListenerInvoker : [Consumer clientId=consumer-booking-service-1, groupId=booking-service] Adding newly assigned partitions: payment-events-0
2026-05-21T12:56:25.981+05:00  INFO 27696 --- [booking-service] [ntainer#0-0-C-1] o.a.k.c.c.internals.ConsumerCoordinator  : [Consumer clientId=consumer-booking-service-1, groupId=booking-service] Found no committed offset for partition payment-events-0
2026-05-21T12:56:25.984+05:00  INFO 27696 --- [booking-service] [ntainer#0-0-C-1] o.a.k.c.c.internals.SubscriptionState    : [Consumer clientId=consumer-booking-service-1, groupId=booking-service] Resetting offset for partition payment-events-0 to position FetchPosition{offset=0, offsetEpoch=Optional.empty, currentLeader=LeaderAndEpoch{leader=Optional[localhost:9092 (id: 1 rack: null)], epoch=0}}.
2026-05-21T12:56:25.984+05:00  INFO 27696 --- [booking-service] [ntainer#0-0-C-1] o.s.k.l.KafkaMessageListenerContainer    : booking-service: partitions assigned: [payment-events-0]
2026-05-21T12:58:09.297+05:00  INFO 27696 --- [booking-service] [beatExecutor-%d] com.netflix.discovery.DiscoveryClient    : DiscoveryClient_BOOKING-SERVICE/localhost:booking-service:8085 - Re-registering apps/BOOKING-SERVICE
2026-05-21T12:58:09.297+05:00  INFO 27696 --- [booking-service] [beatExecutor-%d] com.netflix.discovery.DiscoveryClient    : DiscoveryClient_BOOKING-SERVICE/localhost:booking-service:8085: registering service...
2026-05-21T12:58:09.309+05:00  INFO 27696 --- [booking-service] [beatExecutor-%d] com.netflix.discovery.DiscoveryClient    : DiscoveryClient_BOOKING-SERVICE/localhost:booking-service:8085 - registration status: 204
2026-05-21T12:58:39.316+05:00  INFO 27696 --- [booking-service] [reshExecutor-%d] com.netflix.discovery.DiscoveryClient    : Disable delta property : false
2026-05-21T12:58:39.317+05:00  INFO 27696 --- [booking-service] [reshExecutor-%d] com.netflix.discovery.DiscoveryClient    : Single vip registry refresh property : null
2026-05-21T12:58:39.317+05:00  INFO 27696 --- [booking-service] [reshExecutor-%d] com.netflix.discovery.DiscoveryClient    : Force full registry fetch : false
2026-05-21T12:58:39.318+05:00  INFO 27696 --- [booking-service] [reshExecutor-%d] com.netflix.discovery.DiscoveryClient    : Application is null : false
2026-05-21T12:58:39.318+05:00  INFO 27696 --- [booking-service] [reshExecutor-%d] com.netflix.discovery.DiscoveryClient    : Registered Applications size is zero : true
2026-05-21T12:58:39.318+05:00  INFO 27696 --- [booking-service] [reshExecutor-%d] com.netflix.discovery.DiscoveryClient    : Application version is -1: false
2026-05-21T12:58:39.318+05:00  INFO 27696 --- [booking-service] [reshExecutor-%d] com.netflix.discovery.DiscoveryClient    : Getting all instance registry info from the eureka server
2026-05-21T12:58:39.339+05:00  INFO 27696 --- [booking-service] [reshExecutor-%d] com.netflix.discovery.DiscoveryClient    : The response status is 200
[INFO] ------------------------------------------------------------------------
[INFO] BUILD FAILURE
[INFO] ------------------------------------------------------------------------
[INFO] Total time:  29:51 min
[INFO] Finished at: 2026-05-21T12:58:42+05:00
[INFO] ------------------------------------------------------------------------
[ERROR] Failed to execute goal org.springframework.boot:spring-boot-maven-plugin:3.3.5:run (default-cli) on project booking-service: Process terminated with exit code: -1 -> [Help 1]
[ERROR] 
[ERROR] To see the full stack trace of the errors, re-run Maven with the -e switch.
[ERROR] Re-run Maven using the -X switch to enable full debug logging.
[ERROR] 
[ERROR] For more information about the errors and possible solutions, please read the following articles:
[ERROR] [Help 1] http://cwiki.apache.org/confluence/display/MAVEN/MojoExecutionException
