[INFO] Scanning for projects...
[INFO] 
[INFO] ---------------------< com.ringochi:config-server >---------------------
[INFO] Building config-server 1.0-SNAPSHOT
[INFO]   from pom.xml
[INFO] --------------------------------[ jar ]---------------------------------
[INFO] 
[INFO] >>> spring-boot:3.3.5:run (default-cli) > test-compile @ config-server >>>
[INFO] 
[INFO] --- resources:3.3.1:resources (default-resources) @ config-server ---
[INFO] Copying 1 resource from src\main\resources to target\classes
[INFO] 
[INFO] --- compiler:3.13.0:compile (default-compile) @ config-server ---
[INFO] Nothing to compile - all classes are up to date.
[INFO] 
[INFO] --- resources:3.3.1:testResources (default-testResources) @ config-server ---
[INFO] skip non existing resourceDirectory C:\Users\sholo\IdeaProjects\system-transport-architecture\services\config-server\src\test\resources
[INFO] 
[INFO] --- compiler:3.13.0:testCompile (default-testCompile) @ config-server ---
[INFO] No sources to compile
[INFO] 
[INFO] <<< spring-boot:3.3.5:run (default-cli) < test-compile @ config-server <<<
[INFO] 
[INFO] 
[INFO] --- spring-boot:3.3.5:run (default-cli) @ config-server ---
[INFO] Attaching agents: []

  .   ____          _            __ _ _
 /\\ / ___'_ __ _ _(_)_ __  __ _ \ \ \ \
( ( )\___ | '_ | '_| | '_ \/ _` | \ \ \ \
 \\/  ___)| |_)| | | | | || (_| |  ) ) ) )
  '  |____| .__|_| |_|_| |_\__, | / / / /
 =========|_|==============|___/=/_/_/_/

 :: Spring Boot ::                (v3.3.5)

2026-05-21T01:01:31.540+05:00  INFO 10880 --- [config-server] [           main] c.r.c.ConfigServerApplication            : Starting ConfigServerApplication using Java 21.0.6 with PID 10880 (C:\Users\sholo\IdeaProjects\system-transport-architecture\services\config-server\target\classes started by sholo in C:\Users\sholo\IdeaProjects\system-transport-architecture\services\config-server)
2026-05-21T01:01:31.542+05:00  INFO 10880 --- [config-server] [           main] c.r.c.ConfigServerApplication            : The following 1 profile is active: "native"
2026-05-21T01:01:32.418+05:00  INFO 10880 --- [config-server] [           main] o.s.cloud.context.scope.GenericScope     : BeanFactory id=efaa556a-801e-33ac-a6e3-fac140a4f246
2026-05-21T01:01:32.675+05:00  INFO 10880 --- [config-server] [           main] o.s.b.w.embedded.tomcat.TomcatWebServer  : Tomcat initialized with port 8889 (http)
2026-05-21T01:01:32.686+05:00  INFO 10880 --- [config-server] [           main] o.apache.catalina.core.StandardService   : Starting service [Tomcat]
2026-05-21T01:01:32.687+05:00  INFO 10880 --- [config-server] [           main] o.apache.catalina.core.StandardEngine    : Starting Servlet engine: [Apache Tomcat/10.1.31]
2026-05-21T01:01:32.738+05:00  INFO 10880 --- [config-server] [           main] o.a.c.c.C.[Tomcat].[localhost].[/]       : Initializing Spring embedded WebApplicationContext
2026-05-21T01:01:32.739+05:00  INFO 10880 --- [config-server] [           main] w.s.c.ServletWebServerApplicationContext : Root WebApplicationContext: initialization completed in 1157 ms
2026-05-21T01:01:34.415+05:00  INFO 10880 --- [config-server] [           main] o.s.cloud.commons.util.InetUtils         : Cannot determine local hostname
2026-05-21T01:01:34.535+05:00  INFO 10880 --- [config-server] [           main] o.s.b.a.e.web.EndpointLinksResolver      : Exposing 2 endpoints beneath base path '/actuator'
2026-05-21T01:01:34.585+05:00  INFO 10880 --- [config-server] [           main] o.s.b.w.embedded.tomcat.TomcatWebServer  : Tomcat started on port 8889 (http) with context path '/'
2026-05-21T01:01:35.606+05:00  INFO 10880 --- [config-server] [           main] o.s.cloud.commons.util.InetUtils         : Cannot determine local hostname
2026-05-21T01:01:35.617+05:00  INFO 10880 --- [config-server] [           main] c.r.c.ConfigServerApplication            : Started ConfigServerApplication in 5.482 seconds (process running for 5.817)
2026-05-21T01:01:45.875+05:00  INFO 10880 --- [config-server] [nio-8889-exec-1] o.a.c.c.C.[Tomcat].[localhost].[/]       : Initializing Spring DispatcherServlet 'dispatcherServlet'
2026-05-21T01:01:45.876+05:00  INFO 10880 --- [config-server] [nio-8889-exec-1] o.s.web.servlet.DispatcherServlet        : Initializing Servlet 'dispatcherServlet'
2026-05-21T01:01:45.876+05:00  INFO 10880 --- [config-server] [nio-8889-exec-1] o.s.web.servlet.DispatcherServlet        : Completed initialization in 0 ms
