[INFO] Scanning for projects...
[INFO] 
[INFO] -------------------< com.ringochi:discovery-server >--------------------
[INFO] Building discovery-server 1.0-SNAPSHOT
[INFO]   from pom.xml
[INFO] --------------------------------[ jar ]---------------------------------
[INFO] 
[INFO] >>> spring-boot:3.3.5:run (default-cli) > test-compile @ discovery-server >>>
[INFO] 
[INFO] --- resources:3.3.1:resources (default-resources) @ discovery-server ---
[INFO] Copying 1 resource from src\main\resources to target\classes
[INFO] 
[INFO] --- compiler:3.13.0:compile (default-compile) @ discovery-server ---
[INFO] Nothing to compile - all classes are up to date.
[INFO] 
[INFO] --- resources:3.3.1:testResources (default-testResources) @ discovery-server ---
[INFO] skip non existing resourceDirectory C:\Users\sholo\IdeaProjects\transport-delivery-system\services\discovery-server\src\test\resources
[INFO] 
[INFO] --- compiler:3.13.0:testCompile (default-testCompile) @ discovery-server ---
[INFO] No sources to compile
[INFO] 
[INFO] <<< spring-boot:3.3.5:run (default-cli) < test-compile @ discovery-server <<<
[INFO] 
[INFO] 
[INFO] --- spring-boot:3.3.5:run (default-cli) @ discovery-server ---
[INFO] Attaching agents: []
Standard Commons Logging discovery in action with spring-jcl: please remove commons-logging.jar from classpath in order to avoid potential conflicts

  .   ____          _            __ _ _
 /\\ / ___'_ __ _ _(_)_ __  __ _ \ \ \ \
( ( )\___ | '_ | '_| | '_ \/ _` | \ \ \ \
 \\/  ___)| |_)| | | | | || (_| |  ) ) ) )
  '  |____| .__|_| |_|_| |_\__, | / / / /
 =========|_|==============|___/=/_/_/_/

 :: Spring Boot ::                (v3.3.5)

2026-05-21T12:27:36.199+05:00  INFO 13128 --- [discovery-server] [           main] c.r.d.DiscoveryServerApplication         : Starting DiscoveryServerApplication using Java 21.0.6 with PID 13128 (C:\Users\sholo\IdeaProjects\transport-delivery-system\services\discovery-server\target\classes started by sholo in C:\Users\sholo\IdeaProjects\transport-delivery-system\services\discovery-server)
2026-05-21T12:27:36.203+05:00  INFO 13128 --- [discovery-server] [           main] c.r.d.DiscoveryServerApplication         : No active profile set, falling back to 1 default profile: "default"
2026-05-21T12:27:36.220+05:00  INFO 13128 --- [discovery-server] [           main] o.s.c.c.c.ConfigServerConfigDataLoader   : Fetching config from server at : http://localhost:8889
2026-05-21T12:27:36.220+05:00  INFO 13128 --- [discovery-server] [           main] o.s.c.c.c.ConfigServerConfigDataLoader   : Located environment: name=discovery-server, profiles=[default], label=null, version=null, state=null
2026-05-21T12:27:36.969+05:00  INFO 13128 --- [discovery-server] [           main] o.s.cloud.context.scope.GenericScope     : BeanFactory id=74ca7f34-4b67-3771-ad0d-38539cac0086
2026-05-21T12:27:37.027+05:00  WARN 13128 --- [discovery-server] [           main] trationDelegate$BeanPostProcessorChecker : Bean 'org.springframework.cloud.client.loadbalancer.LoadBalancerAutoConfiguration$DeferringLoadBalancerInterceptorConfig' of type [org.springframework.cloud.client.loadbalancer.LoadBalancerAutoConfiguration$DeferringLoadBalancerInterceptorConfig] is not eligible for getting processed by all BeanPostProcessors (for example: not eligible for auto-proxying). The currently created BeanPostProcessor [lbRestClientPostProcessor] is declared through a non-static factory method on that class; consider declaring it as static instead.
2026-05-21T12:27:37.033+05:00  WARN 13128 --- [discovery-server] [           main] trationDelegate$BeanPostProcessorChecker : Bean 'deferringLoadBalancerInterceptor' of type [org.springframework.cloud.client.loadbalancer.DeferringLoadBalancerInterceptor] is not eligible for getting processed by all BeanPostProcessors (for example: not eligible for auto-proxying). Is this bean getting eagerly injected/applied to a currently created BeanPostProcessor [lbRestClientPostProcessor]? Check the corresponding BeanPostProcessor declaration and its dependencies/advisors. If this bean does not have to be post-processed, declare it with ROLE_INFRASTRUCTURE.
2026-05-21T12:27:37.266+05:00  INFO 13128 --- [discovery-server] [           main] o.s.b.w.embedded.tomcat.TomcatWebServer  : Tomcat initialized with port 8761 (http)
2026-05-21T12:27:37.278+05:00  INFO 13128 --- [discovery-server] [           main] o.apache.catalina.core.StandardService   : Starting service [Tomcat]
2026-05-21T12:27:37.279+05:00  INFO 13128 --- [discovery-server] [           main] o.apache.catalina.core.StandardEngine    : Starting Servlet engine: [Apache Tomcat/10.1.31]
2026-05-21T12:27:37.332+05:00  INFO 13128 --- [discovery-server] [           main] o.a.c.c.C.[Tomcat].[localhost].[/]       : Initializing Spring embedded WebApplicationContext
2026-05-21T12:27:37.340+05:00  INFO 13128 --- [discovery-server] [           main] w.s.c.ServletWebServerApplicationContext : Root WebApplicationContext: initialization completed in 1120 ms
Standard Commons Logging discovery in action with spring-jcl: please remove commons-logging.jar from classpath in order to avoid potential conflicts
2026-05-21T12:27:37.970+05:00  INFO 13128 --- [discovery-server] [           main] c.n.d.provider.DiscoveryJerseyProvider   : Using JSON encoding codec LegacyJacksonJson
2026-05-21T12:27:37.970+05:00  INFO 13128 --- [discovery-server] [           main] c.n.d.provider.DiscoveryJerseyProvider   : Using JSON decoding codec LegacyJacksonJson
2026-05-21T12:27:38.090+05:00  INFO 13128 --- [discovery-server] [           main] c.n.d.provider.DiscoveryJerseyProvider   : Using XML encoding codec XStreamXml
2026-05-21T12:27:38.090+05:00  INFO 13128 --- [discovery-server] [           main] c.n.d.provider.DiscoveryJerseyProvider   : Using XML decoding codec XStreamXml
2026-05-21T12:27:39.437+05:00  INFO 13128 --- [discovery-server] [           main] o.s.cloud.commons.util.InetUtils         : Cannot determine local hostname
2026-05-21T12:27:40.612+05:00  INFO 13128 --- [discovery-server] [           main] o.s.cloud.commons.util.InetUtils         : Cannot determine local hostname
2026-05-21T12:27:40.643+05:00  WARN 13128 --- [discovery-server] [           main] iguration$LoadBalancerCaffeineWarnLogger : Spring Cloud LoadBalancer is currently working with the default cache. While this cache implementation is useful for development and tests, it's recommended to use Caffeine cache in production.You can switch to using Caffeine cache, by adding it and org.springframework.cache.caffeine.CaffeineCacheManager to the classpath.
2026-05-21T12:27:40.664+05:00  INFO 13128 --- [discovery-server] [           main] o.s.c.n.eureka.InstanceInfoFactory       : Setting initial instance status as: STARTING
2026-05-21T12:27:40.675+05:00  INFO 13128 --- [discovery-server] [           main] com.netflix.discovery.DiscoveryClient    : Initializing Eureka in region us-east-1
2026-05-21T12:27:40.675+05:00  INFO 13128 --- [discovery-server] [           main] com.netflix.discovery.DiscoveryClient    : Client configured to neither register nor query for data.
2026-05-21T12:27:40.675+05:00  INFO 13128 --- [discovery-server] [           main] com.netflix.discovery.DiscoveryClient    : Discovery Client initialized at timestamp 1779348460675 with initial instances count: 0
2026-05-21T12:27:40.703+05:00  INFO 13128 --- [discovery-server] [           main] c.n.eureka.DefaultEurekaServerContext    : Initializing ...
2026-05-21T12:27:40.703+05:00  WARN 13128 --- [discovery-server] [           main] c.n.eureka.cluster.PeerEurekaNodes       : The replica size seems to be empty. Check the route 53 DNS Registry
2026-05-21T12:27:40.712+05:00  INFO 13128 --- [discovery-server] [           main] c.n.e.registry.AbstractInstanceRegistry  : Finished initializing remote region registries. All known remote regions: []
2026-05-21T12:27:40.712+05:00  INFO 13128 --- [discovery-server] [           main] c.n.eureka.DefaultEurekaServerContext    : Initialized
2026-05-21T12:27:40.720+05:00  INFO 13128 --- [discovery-server] [           main] o.s.b.a.e.web.EndpointLinksResolver      : Exposing 2 endpoints beneath base path '/actuator'
2026-05-21T12:27:40.755+05:00  INFO 13128 --- [discovery-server] [           main] o.s.c.n.e.s.EurekaServiceRegistry        : Registering application DISCOVERY-SERVER with eureka with status UP
2026-05-21T12:27:40.764+05:00  INFO 13128 --- [discovery-server] [       Thread-9] o.s.c.n.e.server.EurekaServerBootstrap   : isAws returned false
2026-05-21T12:27:40.764+05:00  INFO 13128 --- [discovery-server] [       Thread-9] o.s.c.n.e.server.EurekaServerBootstrap   : Initialized server context
2026-05-21T12:27:40.765+05:00  INFO 13128 --- [discovery-server] [       Thread-9] c.n.e.r.PeerAwareInstanceRegistryImpl    : Got 1 instances from neighboring DS node
2026-05-21T12:27:40.765+05:00  INFO 13128 --- [discovery-server] [       Thread-9] c.n.e.r.PeerAwareInstanceRegistryImpl    : Renew threshold is: 1
2026-05-21T12:27:40.765+05:00  INFO 13128 --- [discovery-server] [       Thread-9] c.n.e.r.PeerAwareInstanceRegistryImpl    : Changing status to UP
2026-05-21T12:27:40.767+05:00  INFO 13128 --- [discovery-server] [       Thread-9] e.s.EurekaServerInitializerConfiguration : Started Eureka Server
2026-05-21T12:27:40.771+05:00  INFO 13128 --- [discovery-server] [           main] o.s.b.w.embedded.tomcat.TomcatWebServer  : Tomcat started on port 8761 (http) with context path '/'
2026-05-21T12:27:40.772+05:00  INFO 13128 --- [discovery-server] [           main] .s.c.n.e.s.EurekaAutoServiceRegistration : Updating port to 8761
2026-05-21T12:27:41.777+05:00  INFO 13128 --- [discovery-server] [           main] o.s.cloud.commons.util.InetUtils         : Cannot determine local hostname
2026-05-21T12:27:41.786+05:00  INFO 13128 --- [discovery-server] [           main] c.r.d.DiscoveryServerApplication         : Started DiscoveryServerApplication in 7.373 seconds (process running for 7.742)
2026-05-21T12:27:53.573+05:00  INFO 13128 --- [discovery-server] [nio-8761-exec-5] o.a.c.c.C.[Tomcat].[localhost].[/]       : Initializing Spring DispatcherServlet 'dispatcherServlet'
2026-05-21T12:27:53.574+05:00  INFO 13128 --- [discovery-server] [nio-8761-exec-5] o.s.web.servlet.DispatcherServlet        : Initializing Servlet 'dispatcherServlet'
2026-05-21T12:27:53.574+05:00  INFO 13128 --- [discovery-server] [nio-8761-exec-5] o.s.web.servlet.DispatcherServlet        : Completed initialization in 0 ms
2026-05-21T12:27:53.721+05:00  INFO 13128 --- [discovery-server] [nio-8761-exec-9] c.n.e.registry.AbstractInstanceRegistry  : Registered instance API-GATEWAY/localhost:api-gateway:8080 with status UP (replication=false)
2026-05-21T12:28:12.230+05:00  INFO 13128 --- [discovery-server] [nio-8761-exec-3] c.n.e.registry.AbstractInstanceRegistry  : Registered instance USER-SERVICE/localhost:user-service:8081 with status UP (replication=false)
2026-05-21T12:28:30.151+05:00  INFO 13128 --- [discovery-server] [nio-8761-exec-8] c.n.e.registry.AbstractInstanceRegistry  : Registered instance ROUTE-SERVICE/localhost:route-service:8083 with status UP (replication=false)
2026-05-21T12:28:40.774+05:00  INFO 13128 --- [discovery-server] [a-EvictionTimer] c.n.e.registry.AbstractInstanceRegistry  : Running the evict task with compensationTime 0ms
2026-05-21T12:28:49.123+05:00  INFO 13128 --- [discovery-server] [nio-8761-exec-9] c.n.e.registry.AbstractInstanceRegistry  : Registered instance TRIP-SERVICE/localhost:trip-service:8084 with status UP (replication=false)
2026-05-21T12:29:07.678+05:00  INFO 13128 --- [discovery-server] [nio-8761-exec-8] c.n.e.registry.AbstractInstanceRegistry  : Registered instance BOOKING-SERVICE/localhost:booking-service:8085 with status UP (replication=false)
2026-05-21T12:29:26.471+05:00  INFO 13128 --- [discovery-server] [nio-8761-exec-6] c.n.e.registry.AbstractInstanceRegistry  : Registered instance PAYMENT-SERVICE/localhost:payment-service:8087 with status UP (replication=false)
2026-05-21T12:29:40.789+05:00  INFO 13128 --- [discovery-server] [a-EvictionTimer] c.n.e.registry.AbstractInstanceRegistry  : Running the evict task with compensationTime 8ms
2026-05-21T12:30:40.806+05:00  INFO 13128 --- [discovery-server] [a-EvictionTimer] c.n.e.registry.AbstractInstanceRegistry  : Running the evict task with compensationTime 10ms
2026-05-21T12:31:40.815+05:00  INFO 13128 --- [discovery-server] [a-EvictionTimer] c.n.e.registry.AbstractInstanceRegistry  : Running the evict task with compensationTime 2ms
2026-05-21T12:32:40.834+05:00  INFO 13128 --- [discovery-server] [a-EvictionTimer] c.n.e.registry.AbstractInstanceRegistry  : Running the evict task with compensationTime 14ms
2026-05-21T12:33:40.848+05:00  INFO 13128 --- [discovery-server] [a-EvictionTimer] c.n.e.registry.AbstractInstanceRegistry  : Running the evict task with compensationTime 8ms
2026-05-21T12:34:40.865+05:00  INFO 13128 --- [discovery-server] [a-EvictionTimer] c.n.e.registry.AbstractInstanceRegistry  : Running the evict task with compensationTime 11ms
2026-05-21T12:35:40.875+05:00  INFO 13128 --- [discovery-server] [a-EvictionTimer] c.n.e.registry.AbstractInstanceRegistry  : Running the evict task with compensationTime 5ms
2026-05-21T12:36:40.896+05:00  INFO 13128 --- [discovery-server] [a-EvictionTimer] c.n.e.registry.AbstractInstanceRegistry  : Running the evict task with compensationTime 15ms
2026-05-21T12:37:40.779+05:00  WARN 13128 --- [discovery-server] [eerNodesUpdater] c.n.eureka.cluster.PeerEurekaNodes       : The replica size seems to be empty. Check the route 53 DNS Registry
2026-05-21T12:37:40.907+05:00  INFO 13128 --- [discovery-server] [a-EvictionTimer] c.n.e.registry.AbstractInstanceRegistry  : Running the evict task with compensationTime 5ms
2026-05-21T12:38:40.914+05:00  INFO 13128 --- [discovery-server] [a-EvictionTimer] c.n.e.registry.AbstractInstanceRegistry  : Running the evict task with compensationTime 2ms
2026-05-21T12:39:40.927+05:00  INFO 13128 --- [discovery-server] [a-EvictionTimer] c.n.e.registry.AbstractInstanceRegistry  : Running the evict task with compensationTime 7ms
2026-05-21T12:40:40.947+05:00  INFO 13128 --- [discovery-server] [a-EvictionTimer] c.n.e.registry.AbstractInstanceRegistry  : Running the evict task with compensationTime 14ms
2026-05-21T12:41:40.961+05:00  INFO 13128 --- [discovery-server] [a-EvictionTimer] c.n.e.registry.AbstractInstanceRegistry  : Running the evict task with compensationTime 8ms
2026-05-21T12:42:40.796+05:00  INFO 13128 --- [discovery-server] [hresholdUpdater] c.n.e.r.PeerAwareInstanceRegistryImpl    : Current renewal threshold is : 11
2026-05-21T12:42:40.966+05:00  INFO 13128 --- [discovery-server] [a-EvictionTimer] c.n.e.registry.AbstractInstanceRegistry  : Running the evict task with compensationTime 0ms
2026-05-21T12:43:40.986+05:00  INFO 13128 --- [discovery-server] [a-EvictionTimer] c.n.e.registry.AbstractInstanceRegistry  : Running the evict task with compensationTime 14ms
2026-05-21T12:44:41.006+05:00  INFO 13128 --- [discovery-server] [a-EvictionTimer] c.n.e.registry.AbstractInstanceRegistry  : Running the evict task with compensationTime 14ms
2026-05-21T12:45:41.012+05:00  INFO 13128 --- [discovery-server] [a-EvictionTimer] c.n.e.registry.AbstractInstanceRegistry  : Running the evict task with compensationTime 0ms
2026-05-21T12:46:41.031+05:00  INFO 13128 --- [discovery-server] [a-EvictionTimer] c.n.e.registry.AbstractInstanceRegistry  : Running the evict task with compensationTime 14ms
2026-05-21T12:47:40.842+05:00  WARN 13128 --- [discovery-server] [eerNodesUpdater] c.n.eureka.cluster.PeerEurekaNodes       : The replica size seems to be empty. Check the route 53 DNS Registry
2026-05-21T12:47:41.045+05:00  INFO 13128 --- [discovery-server] [a-EvictionTimer] c.n.e.registry.AbstractInstanceRegistry  : Running the evict task with compensationTime 8ms
2026-05-21T12:48:41.049+05:00  INFO 13128 --- [discovery-server] [a-EvictionTimer] c.n.e.registry.AbstractInstanceRegistry  : Running the evict task with compensationTime 0ms
2026-05-21T12:49:41.053+05:00  INFO 13128 --- [discovery-server] [a-EvictionTimer] c.n.e.registry.AbstractInstanceRegistry  : Running the evict task with compensationTime 0ms
2026-05-21T12:50:41.071+05:00  INFO 13128 --- [discovery-server] [a-EvictionTimer] c.n.e.registry.AbstractInstanceRegistry  : Running the evict task with compensationTime 14ms
2026-05-21T12:51:41.075+05:00  INFO 13128 --- [discovery-server] [a-EvictionTimer] c.n.e.registry.AbstractInstanceRegistry  : Running the evict task with compensationTime 0ms
2026-05-21T12:52:41.092+05:00  INFO 13128 --- [discovery-server] [a-EvictionTimer] c.n.e.registry.AbstractInstanceRegistry  : Running the evict task with compensationTime 13ms
2026-05-21T12:53:41.096+05:00  INFO 13128 --- [discovery-server] [a-EvictionTimer] c.n.e.registry.AbstractInstanceRegistry  : Running the evict task with compensationTime 0ms
2026-05-21T12:54:41.100+05:00  INFO 13128 --- [discovery-server] [a-EvictionTimer] c.n.e.registry.AbstractInstanceRegistry  : Running the evict task with compensationTime 0ms
2026-05-21T12:55:41.104+05:00  INFO 13128 --- [discovery-server] [a-EvictionTimer] c.n.e.registry.AbstractInstanceRegistry  : Running the evict task with compensationTime 0ms
2026-05-21T12:56:41.118+05:00  INFO 13128 --- [discovery-server] [a-EvictionTimer] c.n.e.registry.AbstractInstanceRegistry  : Running the evict task with compensationTime 10ms
2026-05-21T12:57:40.865+05:00  INFO 13128 --- [discovery-server] [hresholdUpdater] c.n.e.r.PeerAwareInstanceRegistryImpl    : Current renewal threshold is : 11
2026-05-21T12:57:41.122+05:00  INFO 13128 --- [discovery-server] [a-EvictionTimer] c.n.e.registry.AbstractInstanceRegistry  : Running the evict task with compensationTime 0ms
2026-05-21T12:57:41.158+05:00  WARN 13128 --- [discovery-server] [eerNodesUpdater] c.n.eureka.cluster.PeerEurekaNodes       : The replica size seems to be empty. Check the route 53 DNS Registry
[INFO] ------------------------------------------------------------------------
[INFO] BUILD FAILURE
[INFO] ------------------------------------------------------------------------
[INFO] Total time:  30:09 min
[INFO] Finished at: 2026-05-21T12:57:41+05:00
[INFO] ------------------------------------------------------------------------
[ERROR] Failed to execute goal org.springframework.boot:spring-boot-maven-plugin:3.3.5:run (default-cli) on project discovery-server: Process terminated with exit code: -1 -> [Help 1]
[ERROR] 
[ERROR] To see the full stack trace of the errors, re-run Maven with the -e switch.
[ERROR] Re-run Maven using the -X switch to enable full debug logging.
[ERROR] 
[ERROR] For more information about the errors and possible solutions, please read the following articles:
[ERROR] [Help 1] http://cwiki.apache.org/confluence/display/MAVEN/MojoExecutionException
