[INFO] Scanning for projects...
[INFO] 
[INFO] ---------------------< com.ringochi:user-service >----------------------
[INFO] Building user-service 1.0-SNAPSHOT
[INFO]   from pom.xml
[INFO] --------------------------------[ jar ]---------------------------------
[INFO] 
[INFO] >>> spring-boot:3.3.5:run (default-cli) > test-compile @ user-service >>>
[INFO] 
[INFO] --- openapi-generator:7.10.0:generate (generate-user-service-api) @ user-service ---
[INFO] Generating with dryRun=false
[INFO] No .openapi-generator-ignore file found.
[INFO] OpenAPI Generator: spring (server)
[INFO] Generator 'spring' is considered stable.
[INFO] ----------------------------------
[INFO] Environment variable JAVA_POST_PROCESS_FILE not defined so the Java code may not be properly formatted. To define it, try 'export JAVA_POST_PROCESS_FILE="/usr/local/bin/clang-format -i"' (Linux/Mac)
[INFO] NOTE: To enable file post-processing, 'enablePostProcessFile' must be set to `true` (--enable-post-process-file for CLI).
[INFO] Invoker Package Name, originally not set, is now derived from api package name: com.ringochi.userservice.generated
[INFO] Processing operation registerUser
[INFO] Processing operation loginUser
[INFO] Processing operation getCurrentUser
[INFO] Processing operation updateCurrentUser
[INFO] Processing operation getUserById
[INFO] writing file C:\Users\sholo\IdeaProjects\system-transport-architecture\services\user-service\target\generated-sources\openapi\src\main\java\com\ringochi\userservice\generated\dto\AuthResponse.java
[INFO] writing file C:\Users\sholo\IdeaProjects\system-transport-architecture\services\user-service\target\generated-sources\openapi\src\main\java\com\ringochi\userservice\generated\dto\ErrorResponse.java
[INFO] writing file C:\Users\sholo\IdeaProjects\system-transport-architecture\services\user-service\target\generated-sources\openapi\src\main\java\com\ringochi\userservice\generated\dto\LoginRequest.java
[INFO] writing file C:\Users\sholo\IdeaProjects\system-transport-architecture\services\user-service\target\generated-sources\openapi\src\main\java\com\ringochi\userservice\generated\dto\RegisterRequest.java
[INFO] writing file C:\Users\sholo\IdeaProjects\system-transport-architecture\services\user-service\target\generated-sources\openapi\src\main\java\com\ringochi\userservice\generated\dto\Role.java
[INFO] writing file C:\Users\sholo\IdeaProjects\system-transport-architecture\services\user-service\target\generated-sources\openapi\src\main\java\com\ringochi\userservice\generated\dto\UpdateUserRequest.java
[INFO] writing file C:\Users\sholo\IdeaProjects\system-transport-architecture\services\user-service\target\generated-sources\openapi\src\main\java\com\ringochi\userservice\generated\dto\User.java
[INFO] writing file C:\Users\sholo\IdeaProjects\system-transport-architecture\services\user-service\target\generated-sources\openapi\src\main\java\com\ringochi\userservice\generated\api\DefaultApi.java
[INFO] Skipping generation of Webhooks.
[INFO] Skipping generation of supporting files.
################################################################################
# Thanks for using OpenAPI Generator.                                          #
# Please consider donation to help us maintain this project ?                 #
# https://opencollective.com/openapi_generator/donate                          #
################################################################################
[INFO] 
[INFO] --- resources:3.3.1:resources (default-resources) @ user-service ---
[INFO] Copying 2 resources from src\main\resources to target\classes
[INFO] 
[INFO] --- compiler:3.13.0:compile (default-compile) @ user-service ---
[INFO] Recompiling the module because of changed source code.
[INFO] Compiling 16 source files with javac [debug parameters release 17] to target\classes
[INFO] 
[INFO] --- resources:3.3.1:testResources (default-testResources) @ user-service ---
[INFO] Copying 2 resources from src\test\resources to target\test-classes
[INFO] 
[INFO] --- compiler:3.13.0:testCompile (default-testCompile) @ user-service ---
[INFO] Recompiling the module because of changed dependency.
[INFO] Compiling 3 source files with javac [debug parameters release 17] to target\test-classes
[INFO] 
[INFO] <<< spring-boot:3.3.5:run (default-cli) < test-compile @ user-service <<<
[INFO] 
[INFO] 
[INFO] --- spring-boot:3.3.5:run (default-cli) @ user-service ---
[INFO] Attaching agents: []

  .   ____          _            __ _ _
 /\\ / ___'_ __ _ _(_)_ __  __ _ \ \ \ \
( ( )\___ | '_ | '_| | '_ \/ _` | \ \ \ \
 \\/  ___)| |_)| | | | | || (_| |  ) ) ) )
  '  |____| .__|_| |_|_| |_\__, | / / / /
 =========|_|==============|___/=/_/_/_/

 :: Spring Boot ::                (v3.3.5)

2026-05-21T01:02:43.290+05:00  INFO 26576 --- [user-service] [           main] c.r.userservice.UserServiceApplication   : Starting UserServiceApplication using Java 21.0.6 with PID 26576 (C:\Users\sholo\IdeaProjects\system-transport-architecture\services\user-service\target\classes started by sholo in C:\Users\sholo\IdeaProjects\system-transport-architecture\services\user-service)
2026-05-21T01:02:43.294+05:00  INFO 26576 --- [user-service] [           main] c.r.userservice.UserServiceApplication   : No active profile set, falling back to 1 default profile: "default"
2026-05-21T01:02:43.385+05:00  INFO 26576 --- [user-service] [           main] o.s.c.c.c.ConfigServerConfigDataLoader   : Fetching config from server at : http://localhost:8889
2026-05-21T01:02:43.385+05:00  INFO 26576 --- [user-service] [           main] o.s.c.c.c.ConfigServerConfigDataLoader   : Located environment: name=user-service, profiles=[default], label=null, version=null, state=null
2026-05-21T01:02:44.778+05:00  INFO 26576 --- [user-service] [           main] .s.d.r.c.RepositoryConfigurationDelegate : Bootstrapping Spring Data JPA repositories in DEFAULT mode.
2026-05-21T01:02:44.969+05:00  INFO 26576 --- [user-service] [           main] .s.d.r.c.RepositoryConfigurationDelegate : Finished Spring Data repository scanning in 181 ms. Found 1 JPA repository interface.
2026-05-21T01:02:45.375+05:00  INFO 26576 --- [user-service] [           main] o.s.cloud.context.scope.GenericScope     : BeanFactory id=5c779aa0-ddb3-3364-918c-a9f0f74ca913
2026-05-21T01:02:45.641+05:00  WARN 26576 --- [user-service] [           main] trationDelegate$BeanPostProcessorChecker : Bean 'org.springframework.cloud.client.loadbalancer.LoadBalancerAutoConfiguration$DeferringLoadBalancerInterceptorConfig' of type [org.springframework.cloud.client.loadbalancer.LoadBalancerAutoConfiguration$DeferringLoadBalancerInterceptorConfig] is not eligible for getting processed by all BeanPostProcessors (for example: not eligible for auto-proxying). The currently created BeanPostProcessor [lbRestClientPostProcessor] is declared through a non-static factory method on that class; consider declaring it as static instead.
2026-05-21T01:02:45.644+05:00  WARN 26576 --- [user-service] [           main] trationDelegate$BeanPostProcessorChecker : Bean 'deferringLoadBalancerInterceptor' of type [org.springframework.cloud.client.loadbalancer.DeferringLoadBalancerInterceptor] is not eligible for getting processed by all BeanPostProcessors (for example: not eligible for auto-proxying). Is this bean getting eagerly injected/applied to a currently created BeanPostProcessor [lbRestClientPostProcessor]? Check the corresponding BeanPostProcessor declaration and its dependencies/advisors. If this bean does not have to be post-processed, declare it with ROLE_INFRASTRUCTURE.
2026-05-21T01:02:46.218+05:00  INFO 26576 --- [user-service] [           main] o.s.b.w.embedded.tomcat.TomcatWebServer  : Tomcat initialized with port 8081 (http)
2026-05-21T01:02:46.248+05:00  INFO 26576 --- [user-service] [           main] o.apache.catalina.core.StandardService   : Starting service [Tomcat]
2026-05-21T01:02:46.249+05:00  INFO 26576 --- [user-service] [           main] o.apache.catalina.core.StandardEngine    : Starting Servlet engine: [Apache Tomcat/10.1.31]
2026-05-21T01:02:46.501+05:00  INFO 26576 --- [user-service] [           main] o.a.c.c.C.[Tomcat].[localhost].[/]       : Initializing Spring embedded WebApplicationContext
2026-05-21T01:02:46.503+05:00  INFO 26576 --- [user-service] [           main] w.s.c.ServletWebServerApplicationContext : Root WebApplicationContext: initialization completed in 3112 ms
2026-05-21T01:02:47.071+05:00  INFO 26576 --- [user-service] [           main] com.zaxxer.hikari.HikariDataSource       : HikariPool-1 - Starting...
2026-05-21T01:02:47.423+05:00  INFO 26576 --- [user-service] [           main] com.zaxxer.hikari.pool.HikariPool        : HikariPool-1 - Added connection org.postgresql.jdbc.PgConnection@77ba583
2026-05-21T01:02:47.427+05:00  INFO 26576 --- [user-service] [           main] com.zaxxer.hikari.HikariDataSource       : HikariPool-1 - Start completed.
2026-05-21T01:02:47.497+05:00  INFO 26576 --- [user-service] [           main] org.flywaydb.core.FlywayExecutor         : Database: jdbc:postgresql://localhost:15433/user_db (PostgreSQL 16.14)
2026-05-21T01:02:47.606+05:00  INFO 26576 --- [user-service] [           main] o.f.c.i.s.JdbcTableSchemaHistory         : Schema history table "public"."flyway_schema_history" does not exist yet
2026-05-21T01:02:47.617+05:00  INFO 26576 --- [user-service] [           main] o.f.core.internal.command.DbValidate     : Successfully validated 1 migration (execution time 00:00.056s)
2026-05-21T01:02:47.667+05:00  INFO 26576 --- [user-service] [           main] o.f.c.i.s.JdbcTableSchemaHistory         : Creating Schema History table "public"."flyway_schema_history" ...
2026-05-21T01:02:47.797+05:00  INFO 26576 --- [user-service] [           main] o.f.core.internal.command.DbMigrate      : Current version of schema "public": << Empty Schema >>
2026-05-21T01:02:47.818+05:00  INFO 26576 --- [user-service] [           main] o.f.core.internal.command.DbMigrate      : Migrating schema "public" to version "1 - create users"
2026-05-21T01:02:47.938+05:00  INFO 26576 --- [user-service] [           main] o.f.core.internal.command.DbMigrate      : Successfully applied 1 migration to schema "public", now at version v1 (execution time 00:00.053s)
2026-05-21T01:02:48.098+05:00  INFO 26576 --- [user-service] [           main] o.hibernate.jpa.internal.util.LogHelper  : HHH000204: Processing PersistenceUnitInfo [name: default]
2026-05-21T01:02:48.192+05:00  INFO 26576 --- [user-service] [           main] org.hibernate.Version                    : HHH000412: Hibernate ORM core version 6.5.3.Final
2026-05-21T01:02:48.250+05:00  INFO 26576 --- [user-service] [           main] o.h.c.internal.RegionFactoryInitiator    : HHH000026: Second-level cache disabled
2026-05-21T01:02:48.792+05:00  INFO 26576 --- [user-service] [           main] o.s.o.j.p.SpringPersistenceUnitInfo      : No LoadTimeWeaver setup: ignoring JPA class transformer
2026-05-21T01:02:50.887+05:00  INFO 26576 --- [user-service] [           main] o.h.e.t.j.p.i.JtaPlatformInitiator       : HHH000489: No JTA platform available (set 'hibernate.transaction.jta.platform' to enable JTA platform integration)
2026-05-21T01:02:50.980+05:00  INFO 26576 --- [user-service] [           main] j.LocalContainerEntityManagerFactoryBean : Initialized JPA EntityManagerFactory for persistence unit 'default'
2026-05-21T01:02:51.871+05:00  WARN 26576 --- [user-service] [           main] .s.s.UserDetailsServiceAutoConfiguration : 

Using generated security password: f2e60026-25f6-4e02-8a2d-b944055d8f5d

This generated password is for development use only. Your security configuration must be updated before running your application in production.

2026-05-21T01:02:51.885+05:00  INFO 26576 --- [user-service] [           main] r$InitializeUserDetailsManagerConfigurer : Global AuthenticationManager configured with UserDetailsService bean with name inMemoryUserDetailsManager
2026-05-21T01:02:53.904+05:00  INFO 26576 --- [user-service] [           main] o.s.cloud.commons.util.InetUtils         : Cannot determine local hostname
2026-05-21T01:02:54.993+05:00  INFO 26576 --- [user-service] [           main] o.s.cloud.commons.util.InetUtils         : Cannot determine local hostname
2026-05-21T01:02:55.031+05:00  INFO 26576 --- [user-service] [           main] DiscoveryClientOptionalArgsConfiguration : Eureka HTTP Client uses RestTemplate.
2026-05-21T01:02:55.098+05:00  WARN 26576 --- [user-service] [           main] iguration$LoadBalancerCaffeineWarnLogger : Spring Cloud LoadBalancer is currently working with the default cache. While this cache implementation is useful for development and tests, it's recommended to use Caffeine cache in production.You can switch to using Caffeine cache, by adding it and org.springframework.cache.caffeine.CaffeineCacheManager to the classpath.
2026-05-21T01:02:55.138+05:00  INFO 26576 --- [user-service] [           main] o.s.c.n.eureka.InstanceInfoFactory       : Setting initial instance status as: STARTING
2026-05-21T01:02:55.174+05:00  INFO 26576 --- [user-service] [           main] com.netflix.discovery.DiscoveryClient    : Initializing Eureka in region us-east-1
2026-05-21T01:02:55.181+05:00  INFO 26576 --- [user-service] [           main] c.n.d.s.r.aws.ConfigClusterResolver      : Resolving eureka endpoints via configuration
2026-05-21T01:02:55.199+05:00  INFO 26576 --- [user-service] [           main] com.netflix.discovery.DiscoveryClient    : Disable delta property : false
2026-05-21T01:02:55.200+05:00  INFO 26576 --- [user-service] [           main] com.netflix.discovery.DiscoveryClient    : Single vip registry refresh property : null
2026-05-21T01:02:55.200+05:00  INFO 26576 --- [user-service] [           main] com.netflix.discovery.DiscoveryClient    : Force full registry fetch : false
2026-05-21T01:02:55.201+05:00  INFO 26576 --- [user-service] [           main] com.netflix.discovery.DiscoveryClient    : Application is null : false
2026-05-21T01:02:55.201+05:00  INFO 26576 --- [user-service] [           main] com.netflix.discovery.DiscoveryClient    : Registered Applications size is zero : true
2026-05-21T01:02:55.201+05:00  INFO 26576 --- [user-service] [           main] com.netflix.discovery.DiscoveryClient    : Application version is -1: true
2026-05-21T01:02:55.202+05:00  INFO 26576 --- [user-service] [           main] com.netflix.discovery.DiscoveryClient    : Getting all instance registry info from the eureka server
2026-05-21T01:02:55.624+05:00  INFO 26576 --- [user-service] [           main] com.netflix.discovery.DiscoveryClient    : The response status is 200
2026-05-21T01:02:55.626+05:00  INFO 26576 --- [user-service] [           main] com.netflix.discovery.DiscoveryClient    : Starting heartbeat executor: renew interval is: 30
2026-05-21T01:02:55.629+05:00  INFO 26576 --- [user-service] [           main] c.n.discovery.InstanceInfoReplicator     : InstanceInfoReplicator onDemand update allowed rate per min is 4
2026-05-21T01:02:55.630+05:00  INFO 26576 --- [user-service] [           main] com.netflix.discovery.DiscoveryClient    : Discovery Client initialized at timestamp 1779307375630 with initial instances count: 0
2026-05-21T01:02:55.635+05:00  INFO 26576 --- [user-service] [           main] o.s.c.n.e.s.EurekaServiceRegistry        : Registering application USER-SERVICE with eureka with status UP
2026-05-21T01:02:55.636+05:00  INFO 26576 --- [user-service] [           main] com.netflix.discovery.DiscoveryClient    : Saw local status change event StatusChangeEvent [timestamp=1779307375636, current=UP, previous=STARTING]
2026-05-21T01:02:55.639+05:00  INFO 26576 --- [user-service] [foReplicator-%d] com.netflix.discovery.DiscoveryClient    : DiscoveryClient_USER-SERVICE/localhost:user-service:8081: registering service...
2026-05-21T01:02:55.667+05:00  INFO 26576 --- [user-service] [           main] o.s.b.w.embedded.tomcat.TomcatWebServer  : Tomcat started on port 8081 (http) with context path '/'
2026-05-21T01:02:55.668+05:00  INFO 26576 --- [user-service] [           main] .s.c.n.e.s.EurekaAutoServiceRegistration : Updating port to 8081
2026-05-21T01:02:55.686+05:00  INFO 26576 --- [user-service] [foReplicator-%d] com.netflix.discovery.DiscoveryClient    : DiscoveryClient_USER-SERVICE/localhost:user-service:8081 - registration status: 204
2026-05-21T01:02:56.692+05:00  INFO 26576 --- [user-service] [           main] o.s.cloud.commons.util.InetUtils         : Cannot determine local hostname
2026-05-21T01:02:56.698+05:00  INFO 26576 --- [user-service] [           main] c.r.userservice.UserServiceApplication   : Started UserServiceApplication in 16.593 seconds (process running for 17.66)
2026-05-21T01:03:25.641+05:00  INFO 26576 --- [user-service] [reshExecutor-%d] com.netflix.discovery.DiscoveryClient    : Disable delta property : false
2026-05-21T01:03:25.642+05:00  INFO 26576 --- [user-service] [reshExecutor-%d] com.netflix.discovery.DiscoveryClient    : Single vip registry refresh property : null
2026-05-21T01:03:25.642+05:00  INFO 26576 --- [user-service] [reshExecutor-%d] com.netflix.discovery.DiscoveryClient    : Force full registry fetch : false
2026-05-21T01:03:25.642+05:00  INFO 26576 --- [user-service] [reshExecutor-%d] com.netflix.discovery.DiscoveryClient    : Application is null : false
2026-05-21T01:03:25.642+05:00  INFO 26576 --- [user-service] [reshExecutor-%d] com.netflix.discovery.DiscoveryClient    : Registered Applications size is zero : true
2026-05-21T01:03:25.643+05:00  INFO 26576 --- [user-service] [reshExecutor-%d] com.netflix.discovery.DiscoveryClient    : Application version is -1: false
2026-05-21T01:03:25.643+05:00  INFO 26576 --- [user-service] [reshExecutor-%d] com.netflix.discovery.DiscoveryClient    : Getting all instance registry info from the eureka server
2026-05-21T01:03:25.666+05:00  INFO 26576 --- [user-service] [reshExecutor-%d] com.netflix.discovery.DiscoveryClient    : The response status is 200
2026-05-21T01:04:11.939+05:00  INFO 26576 --- [user-service] [nio-8081-exec-2] o.a.c.c.C.[Tomcat].[localhost].[/]       : Initializing Spring DispatcherServlet 'dispatcherServlet'
2026-05-21T01:04:11.939+05:00  INFO 26576 --- [user-service] [nio-8081-exec-2] o.s.web.servlet.DispatcherServlet        : Initializing Servlet 'dispatcherServlet'
2026-05-21T01:04:11.941+05:00  INFO 26576 --- [user-service] [nio-8081-exec-2] o.s.web.servlet.DispatcherServlet        : Completed initialization in 2 ms
2026-05-21T01:07:55.219+05:00  INFO 26576 --- [user-service] [rap-executor-%d] c.n.d.s.r.aws.ConfigClusterResolver      : Resolving eureka endpoints via configuration
2026-05-21T01:12:55.227+05:00  INFO 26576 --- [user-service] [rap-executor-%d] c.n.d.s.r.aws.ConfigClusterResolver      : Resolving eureka endpoints via configuration
2026-05-21T01:17:55.232+05:00  INFO 26576 --- [user-service] [rap-executor-%d] c.n.d.s.r.aws.ConfigClusterResolver      : Resolving eureka endpoints via configuration
2026-05-21T01:22:55.226+05:00  INFO 26576 --- [user-service] [rap-executor-%d] c.n.d.s.r.aws.ConfigClusterResolver      : Resolving eureka endpoints via configuration
